00:01:00:000 arrived_bigcounter 105
00:01:00:000 solved_bigcounter 51
00:01:00:000 qty_cons_sunnyside_a 15
00:01:00:000 qty_cons_acum_sunnyside_a 15
00:01:00:000 qty_cons_colonel_b 0
00:01:00:000 qty_cons_acum_colonel_b 0
00:01:00:000 qty_cons_colonel_a1 1
00:01:00:000 qty_cons_acum_colonel_a1 1
00:01:00:000 qty_cons_bronson_a1 3
00:01:00:000 qty_cons_acum_bronson_a1 3
00:01:00:000 qty_cons_bronson_b 32
00:01:00:000 qty_cons_acum_bronson_b 32
00:01:00:000 arrived_c1counter 22
00:01:00:000 solved_c1counter 22
00:01:00:000 arrived_c2counter 15
00:01:00:000 solved_c2counter 15
00:01:00:000 arrived_c6counter 8
00:01:00:000 solved_c6counter 8
00:01:00:000 arrived_c7counter 4
00:01:00:000 solved_c7counter 4
00:01:00:000 arrived_c12counter 4
00:01:00:000 solved_c12counter 4
00:01:00:000 arrived_c10counter 2
00:01:00:000 solved_c10counter 2
00:01:00:000 arrived_c3counter 3
00:01:00:000 solved_c3counter 3
00:01:00:000 arrived_c11counter 3
00:01:00:000 solved_c11counter 3
00:01:00:000 arrived_c5counter 2
00:01:00:000 solved_c5counter 2
00:01:00:000 arrived_c13counter 0
00:01:00:000 solved_c13counter 0
00:01:00:000 arrived_c16counter 1
00:01:00:000 solved_c16counter 1
00:01:00:000 arrived_c14counter 0
00:01:00:000 solved_c14counter 0
00:01:00:000 arrived_c4counter 0
00:01:00:000 solved_c4counter 0
00:01:00:000 arrived_c8counter 3
00:01:00:000 solved_c8counter 3
00:01:00:000 arrived_c9counter 57
00:01:00:000 solved_c9counter 57
00:01:00:000 arrived_c15counter 0
00:01:00:000 solved_c15counter 0
00:02:00:000 arrived_bigcounter 99
00:02:00:000 solved_bigcounter 63.5
00:02:00:000 qty_cons_sunnyside_a 16
00:02:00:000 qty_cons_acum_sunnyside_a 32
00:02:00:000 qty_cons_colonel_b 4.5
00:02:00:000 qty_cons_acum_colonel_b 9
00:02:00:000 qty_cons_colonel_a1 3.5
00:02:00:000 qty_cons_acum_colonel_a1 7
00:02:00:000 qty_cons_bronson_a1 3
00:02:00:000 qty_cons_acum_bronson_a1 6
00:02:00:000 qty_cons_bronson_b 36.5
00:02:00:000 qty_cons_acum_bronson_b 73
00:02:00:000 arrived_c1counter 27
00:02:00:000 solved_c1counter 27
00:02:00:000 arrived_c2counter 15.5
00:02:00:000 solved_c2counter 15.5
00:02:00:000 arrived_c6counter 10.5
00:02:00:000 solved_c6counter 10.5
00:02:00:000 arrived_c7counter 6.5
00:02:00:000 solved_c7counter 6.5
00:02:00:000 arrived_c12counter 8.5
00:02:00:000 solved_c12counter 8.5
00:02:00:000 arrived_c10counter 4.5
00:02:00:000 solved_c10counter 4.5
00:02:00:000 arrived_c3counter 3.5
00:02:00:000 solved_c3counter 3
00:02:00:000 arrived_c11counter 5.5
00:02:00:000 solved_c11counter 5.5
00:02:00:000 arrived_c5counter 6
00:02:00:000 solved_c5counter 6
00:02:00:000 arrived_c13counter 3.5
00:02:00:000 solved_c13counter 3.5
00:02:00:000 arrived_c16counter 4
00:02:00:000 solved_c16counter 3.5
00:02:00:000 arrived_c14counter 0
00:02:00:000 solved_c14counter 0
00:02:00:000 arrived_c4counter 4.5
00:02:00:000 solved_c4counter 4.5
00:02:00:000 arrived_c8counter 7
00:02:00:000 solved_c8counter 7
00:02:00:000 arrived_c9counter 62
00:02:00:000 solved_c9counter 61.5
00:02:00:000 arrived_c15counter 2
00:02:00:000 solved_c15counter 2
00:03:00:000 arrived_bigcounter 96
00:03:00:000 solved_bigcounter 69
00:03:00:000 qty_cons_sunnyside_a 18.3333
00:03:00:000 qty_cons_acum_sunnyside_a 55
00:03:00:000 qty_cons_colonel_b 6.33333
00:03:00:000 qty_cons_acum_colonel_b 19
00:03:00:000 qty_cons_colonel_a1 3.33333
00:03:00:000 qty_cons_acum_colonel_a1 10
00:03:00:000 qty_cons_bronson_a1 4.66667
00:03:00:000 qty_cons_acum_bronson_a1 14
00:03:00:000 qty_cons_bronson_b 36.3333
00:03:00:000 qty_cons_acum_bronson_b 109
00:03:00:000 arrived_c1counter 28.6667
00:03:00:000 solved_c1counter 28.6667
00:03:00:000 arrived_c2counter 15.6667
00:03:00:000 solved_c2counter 15.6667
00:03:00:000 arrived_c6counter 11.6667
00:03:00:000 solved_c6counter 11.6667
00:03:00:000 arrived_c7counter 8.33333
00:03:00:000 solved_c7counter 8.33333
00:03:00:000 arrived_c12counter 10.6667
00:03:00:000 solved_c12counter 10.6667
00:03:00:000 arrived_c10counter 4.33333
00:03:00:000 solved_c10counter 4.33333
00:03:00:000 arrived_c3counter 5
00:03:00:000 solved_c3counter 5
00:03:00:000 arrived_c11counter 5
00:03:00:000 solved_c11counter 5
00:03:00:000 arrived_c5counter 7.66667
00:03:00:000 solved_c5counter 7.66667
00:03:00:000 arrived_c13counter 4.33333
00:03:00:000 solved_c13counter 4.33333
00:03:00:000 arrived_c16counter 5.33333
00:03:00:000 solved_c16counter 5.33333
00:03:00:000 arrived_c14counter 2
00:03:00:000 solved_c14counter 2
00:03:00:000 arrived_c4counter 7.33333
00:03:00:000 solved_c4counter 7.33333
00:03:00:000 arrived_c8counter 8.33333
00:03:00:000 solved_c8counter 8.33333
00:03:00:000 arrived_c9counter 63
00:03:00:000 solved_c9counter 63
00:03:00:000 arrived_c15counter 2.66667
00:03:00:000 solved_c15counter 2.66667
00:04:00:000 arrived_bigcounter 94.5
00:04:00:000 solved_bigcounter 72.5
00:04:00:000 qty_cons_sunnyside_a 19.75
00:04:00:000 qty_cons_acum_sunnyside_a 79
00:04:00:000 qty_cons_colonel_b 7.75
00:04:00:000 qty_cons_acum_colonel_b 31
00:04:00:000 qty_cons_colonel_a1 3.25
00:04:00:000 qty_cons_acum_colonel_a1 13
00:04:00:000 qty_cons_bronson_a1 6
00:04:00:000 qty_cons_acum_bronson_a1 24
00:04:00:000 qty_cons_bronson_b 35.75
00:04:00:000 qty_cons_acum_bronson_b 143
00:04:00:000 arrived_c1counter 30.25
00:04:00:000 solved_c1counter 30
00:04:00:000 arrived_c2counter 17.75
00:04:00:000 solved_c2counter 17.5
00:04:00:000 arrived_c6counter 12.25
00:04:00:000 solved_c6counter 12.25
00:04:00:000 arrived_c7counter 8
00:04:00:000 solved_c7counter 8
00:04:00:000 arrived_c12counter 10.25
00:04:00:000 solved_c12counter 10.25
00:04:00:000 arrived_c10counter 5
00:04:00:000 solved_c10counter 5
00:04:00:000 arrived_c3counter 8
00:04:00:000 solved_c3counter 8
00:04:00:000 arrived_c11counter 5.25
00:04:00:000 solved_c11counter 5.25
00:04:00:000 arrived_c5counter 9.25
00:04:00:000 solved_c5counter 9
00:04:00:000 arrived_c13counter 5.75
00:04:00:000 solved_c13counter 5.75
00:04:00:000 arrived_c16counter 5.25
00:04:00:000 solved_c16counter 5.25
00:04:00:000 arrived_c14counter 2.75
00:04:00:000 solved_c14counter 2.75
00:04:00:000 arrived_c4counter 7.25
00:04:00:000 solved_c4counter 7.25
00:04:00:000 arrived_c8counter 9.5
00:04:00:000 solved_c8counter 9.5
00:04:00:000 arrived_c9counter 64.5
00:04:00:000 solved_c9counter 64.25
00:04:00:000 arrived_c15counter 3
00:04:00:000 solved_c15counter 3
00:05:00:000 arrived_bigcounter 93.6
00:05:00:000 solved_bigcounter 74.6
00:05:00:000 qty_cons_sunnyside_a 19.8
00:05:00:000 qty_cons_acum_sunnyside_a 99
00:05:00:000 qty_cons_colonel_b 9.2
00:05:00:000 qty_cons_acum_colonel_b 46
00:05:00:000 qty_cons_colonel_a1 3.2
00:05:00:000 qty_cons_acum_colonel_a1 16
00:05:00:000 qty_cons_bronson_a1 5.8
00:05:00:000 qty_cons_acum_bronson_a1 29
00:05:00:000 qty_cons_bronson_b 36.6
00:05:00:000 qty_cons_acum_bronson_b 183
00:05:00:000 arrived_c1counter 30.4
00:05:00:000 solved_c1counter 30.4
00:05:00:000 arrived_c2counter 17.8
00:05:00:000 solved_c2counter 17.8
00:05:00:000 arrived_c6counter 13.8
00:05:00:000 solved_c6counter 13.8
00:05:00:000 arrived_c7counter 8.4
00:05:00:000 solved_c7counter 8.4
00:05:00:000 arrived_c12counter 10.2
00:05:00:000 solved_c12counter 10.2
00:05:00:000 arrived_c10counter 4.6
00:05:00:000 solved_c10counter 4.6
00:05:00:000 arrived_c3counter 10
00:05:00:000 solved_c3counter 10
00:05:00:000 arrived_c11counter 5
00:05:00:000 solved_c11counter 5
00:05:00:000 arrived_c5counter 10.6
00:05:00:000 solved_c5counter 10.6
00:05:00:000 arrived_c13counter 5.8
00:05:00:000 solved_c13counter 5.8
00:05:00:000 arrived_c16counter 4.8
00:05:00:000 solved_c16counter 4.6
00:05:00:000 arrived_c14counter 4
00:05:00:000 solved_c14counter 4
00:05:00:000 arrived_c4counter 7.2
00:05:00:000 solved_c4counter 7.2
00:05:00:000 arrived_c8counter 10
00:05:00:000 solved_c8counter 10
00:05:00:000 arrived_c9counter 64.8
00:05:00:000 solved_c9counter 64.6
00:05:00:000 arrived_c15counter 2.4
00:05:00:000 solved_c15counter 2.4
00:06:00:000 arrived_bigcounter 93
00:06:00:000 solved_bigcounter 75
00:06:00:000 qty_cons_sunnyside_a 19.1667
00:06:00:000 qty_cons_acum_sunnyside_a 115
00:06:00:000 qty_cons_colonel_b 9.33333
00:06:00:000 qty_cons_acum_colonel_b 56
00:06:00:000 qty_cons_colonel_a1 3.16667
00:06:00:000 qty_cons_acum_colonel_a1 19
00:06:00:000 qty_cons_bronson_a1 5.66667
00:06:00:000 qty_cons_acum_bronson_a1 34
00:06:00:000 qty_cons_bronson_b 37.6667
00:06:00:000 qty_cons_acum_bronson_b 226
00:06:00:000 arrived_c1counter 30.3333
00:06:00:000 solved_c1counter 30.3333
00:06:00:000 arrived_c2counter 17.5
00:06:00:000 solved_c2counter 17.5
00:06:00:000 arrived_c6counter 13.1667
00:06:00:000 solved_c6counter 13.1667
00:06:00:000 arrived_c7counter 8.33333
00:06:00:000 solved_c7counter 8.33333
00:06:00:000 arrived_c12counter 9.66667
00:06:00:000 solved_c12counter 9.66667
00:06:00:000 arrived_c10counter 4.16667
00:06:00:000 solved_c10counter 4.16667
00:06:00:000 arrived_c3counter 8.66667
00:06:00:000 solved_c3counter 8.66667
00:06:00:000 arrived_c11counter 4.5
00:06:00:000 solved_c11counter 4.33333
00:06:00:000 arrived_c5counter 9.83333
00:06:00:000 solved_c5counter 9.83333
00:06:00:000 arrived_c13counter 5.5
00:06:00:000 solved_c13counter 5.5
00:06:00:000 arrived_c16counter 5.33333
00:06:00:000 solved_c16counter 5.33333
00:06:00:000 arrived_c14counter 3.33333
00:06:00:000 solved_c14counter 3.33333
00:06:00:000 arrived_c4counter 6.83333
00:06:00:000 solved_c4counter 6.83333
00:06:00:000 arrived_c8counter 9.5
00:06:00:000 solved_c8counter 9.5
00:06:00:000 arrived_c9counter 65
00:06:00:000 solved_c9counter 65
00:06:00:000 arrived_c15counter 2.33333
00:06:00:000 solved_c15counter 2.33333
00:07:00:000 arrived_bigcounter 92.5714
00:07:00:000 solved_bigcounter 75.8571
00:07:00:000 qty_cons_sunnyside_a 19
00:07:00:000 qty_cons_acum_sunnyside_a 133
00:07:00:000 qty_cons_colonel_b 9.85714
00:07:00:000 qty_cons_acum_colonel_b 69
00:07:00:000 qty_cons_colonel_a1 3.28571
00:07:00:000 qty_cons_acum_colonel_a1 23
00:07:00:000 qty_cons_bronson_a1 5.57143
00:07:00:000 qty_cons_acum_bronson_a1 39
00:07:00:000 qty_cons_bronson_b 38.1429
00:07:00:000 qty_cons_acum_bronson_b 267
00:07:00:000 arrived_c1counter 30.4286
00:07:00:000 solved_c1counter 30.4286
00:07:00:000 arrived_c2counter 17
00:07:00:000 solved_c2counter 17
00:07:00:000 arrived_c6counter 12.7143
00:07:00:000 solved_c6counter 12.7143
00:07:00:000 arrived_c7counter 9.14286
00:07:00:000 solved_c7counter 9.14286
00:07:00:000 arrived_c12counter 10.5714
00:07:00:000 solved_c12counter 10.5714
00:07:00:000 arrived_c10counter 5
00:07:00:000 solved_c10counter 5
00:07:00:000 arrived_c3counter 7.42857
00:07:00:000 solved_c3counter 7.42857
00:07:00:000 arrived_c11counter 5.28571
00:07:00:000 solved_c11counter 5.28571
00:07:00:000 arrived_c5counter 8.85714
00:07:00:000 solved_c5counter 8.85714
00:07:00:000 arrived_c13counter 5.42857
00:07:00:000 solved_c13counter 5.42857
00:07:00:000 arrived_c16counter 5.42857
00:07:00:000 solved_c16counter 5.42857
00:07:00:000 arrived_c14counter 2.85714
00:07:00:000 solved_c14counter 2.85714
00:07:00:000 arrived_c4counter 6.42857
00:07:00:000 solved_c4counter 6.42857
00:07:00:000 arrived_c8counter 9
00:07:00:000 solved_c8counter 9
00:07:00:000 arrived_c9counter 64.7143
00:07:00:000 solved_c9counter 64.5714
00:07:00:000 arrived_c15counter 2.14286
00:07:00:000 solved_c15counter 2.14286
00:08:00:000 arrived_bigcounter 92.25
00:08:00:000 solved_bigcounter 76.25
00:08:00:000 qty_cons_sunnyside_a 19.25
00:08:00:000 qty_cons_acum_sunnyside_a 154
00:08:00:000 qty_cons_colonel_b 10.375
00:08:00:000 qty_cons_acum_colonel_b 83
00:08:00:000 qty_cons_colonel_a1 3.25
00:08:00:000 qty_cons_acum_colonel_a1 26
00:08:00:000 qty_cons_bronson_a1 5.25
00:08:00:000 qty_cons_acum_bronson_a1 42
00:08:00:000 qty_cons_bronson_b 38.125
00:08:00:000 qty_cons_acum_bronson_b 305
00:08:00:000 arrived_c1counter 30.625
00:08:00:000 solved_c1counter 30.625
00:08:00:000 arrived_c2counter 17.5
00:08:00:000 solved_c2counter 17.375
00:08:00:000 arrived_c6counter 12.875
00:08:00:000 solved_c6counter 12.875
00:08:00:000 arrived_c7counter 9.75
00:08:00:000 solved_c7counter 9.625
00:08:00:000 arrived_c12counter 11
00:08:00:000 solved_c12counter 11
00:08:00:000 arrived_c10counter 5.375
00:08:00:000 solved_c10counter 5.375
00:08:00:000 arrived_c3counter 6.5
00:08:00:000 solved_c3counter 6.5
00:08:00:000 arrived_c11counter 5.5
00:08:00:000 solved_c11counter 5.5
00:08:00:000 arrived_c5counter 7.75
00:08:00:000 solved_c5counter 7.75
00:08:00:000 arrived_c13counter 5.125
00:08:00:000 solved_c13counter 5.125
00:08:00:000 arrived_c16counter 5.625
00:08:00:000 solved_c16counter 5.625
00:08:00:000 arrived_c14counter 2.5
00:08:00:000 solved_c14counter 2.5
00:08:00:000 arrived_c4counter 5.625
00:08:00:000 solved_c4counter 5.625
00:08:00:000 arrived_c8counter 8.375
00:08:00:000 solved_c8counter 8.375
00:08:00:000 arrived_c9counter 64.625
00:08:00:000 solved_c9counter 64.625
00:08:00:000 arrived_c15counter 1.875
00:08:00:000 solved_c15counter 1.875
00:09:00:000 arrived_bigcounter 92
00:09:00:000 solved_bigcounter 76.2222
00:09:00:000 qty_cons_sunnyside_a 19.2222
00:09:00:000 qty_cons_acum_sunnyside_a 173
00:09:00:000 qty_cons_colonel_b 10.3333
00:09:00:000 qty_cons_acum_colonel_b 93
00:09:00:000 qty_cons_colonel_a1 3.11111
00:09:00:000 qty_cons_acum_colonel_a1 28
00:09:00:000 qty_cons_bronson_a1 5.22222
00:09:00:000 qty_cons_acum_bronson_a1 47
00:09:00:000 qty_cons_bronson_b 38.3333
00:09:00:000 qty_cons_acum_bronson_b 345
00:09:00:000 arrived_c1counter 31
00:09:00:000 solved_c1counter 31
00:09:00:000 arrived_c2counter 17.6667
00:09:00:000 solved_c2counter 17.6667
00:09:00:000 arrived_c6counter 12.7778
00:09:00:000 solved_c6counter 12.7778
00:09:00:000 arrived_c7counter 9.66667
00:09:00:000 solved_c7counter 9.66667
00:09:00:000 arrived_c12counter 10.6667
00:09:00:000 solved_c12counter 10.6667
00:09:00:000 arrived_c10counter 5.33333
00:09:00:000 solved_c10counter 5.33333
00:09:00:000 arrived_c3counter 5.88889
00:09:00:000 solved_c3counter 5.88889
00:09:00:000 arrived_c11counter 5.33333
00:09:00:000 solved_c11counter 5.33333
00:09:00:000 arrived_c5counter 7.44444
00:09:00:000 solved_c5counter 7.44444
00:09:00:000 arrived_c13counter 4.88889
00:09:00:000 solved_c13counter 4.88889
00:09:00:000 arrived_c16counter 5.77778
00:09:00:000 solved_c16counter 5.77778
00:09:00:000 arrived_c14counter 2.22222
00:09:00:000 solved_c14counter 2.22222
00:09:00:000 arrived_c4counter 5.44444
00:09:00:000 solved_c4counter 5.44444
00:09:00:000 arrived_c8counter 8.33333
00:09:00:000 solved_c8counter 8.33333
00:09:00:000 arrived_c9counter 64.7778
00:09:00:000 solved_c9counter 64.6667
00:09:00:000 arrived_c15counter 1.77778
00:09:00:000 solved_c15counter 1.77778
00:10:00:000 arrived_bigcounter 91.8
00:10:00:000 solved_bigcounter 76.1
00:10:00:000 qty_cons_sunnyside_a 19
00:10:00:000 qty_cons_acum_sunnyside_a 190
00:10:00:000 qty_cons_colonel_b 10.5
00:10:00:000 qty_cons_acum_colonel_b 105
00:10:00:000 qty_cons_colonel_a1 2.9
00:10:00:000 qty_cons_acum_colonel_a1 29
00:10:00:000 qty_cons_bronson_a1 5.2
00:10:00:000 qty_cons_acum_bronson_a1 52
00:10:00:000 qty_cons_bronson_b 38.5
00:10:00:000 qty_cons_acum_bronson_b 385
00:10:00:000 arrived_c1counter 30.9
00:10:00:000 solved_c1counter 30.9
00:10:00:000 arrived_c2counter 17.6
00:10:00:000 solved_c2counter 17.5
00:10:00:000 arrived_c6counter 12.9
00:10:00:000 solved_c6counter 12.9
00:10:00:000 arrived_c7counter 9.6
00:10:00:000 solved_c7counter 9.6
00:10:00:000 arrived_c12counter 9.9
00:10:00:000 solved_c12counter 9.9
00:10:00:000 arrived_c10counter 5
00:10:00:000 solved_c10counter 5
00:10:00:000 arrived_c3counter 5.3
00:10:00:000 solved_c3counter 5.3
00:10:00:000 arrived_c11counter 5.2
00:10:00:000 solved_c11counter 5.2
00:10:00:000 arrived_c5counter 7.2
00:10:00:000 solved_c5counter 7.2
00:10:00:000 arrived_c13counter 4.7
00:10:00:000 solved_c13counter 4.7
00:10:00:000 arrived_c16counter 5.2
00:10:00:000 solved_c16counter 5.2
00:10:00:000 arrived_c14counter 2
00:10:00:000 solved_c14counter 2
00:10:00:000 arrived_c4counter 5.2
00:10:00:000 solved_c4counter 5.2
00:10:00:000 arrived_c8counter 8
00:10:00:000 solved_c8counter 8
00:10:00:000 arrived_c9counter 64.7
00:10:00:000 solved_c9counter 64.7
00:10:00:000 arrived_c15counter 1.7
00:10:00:000 solved_c15counter 1.7
