00:01:00:000 arrived_bigcounter 105
00:01:00:000 solved_bigcounter 61
00:01:00:000 qty_cons_sunnyside_a 24
00:01:00:000 qty_cons_acum_sunnyside_a 24
00:01:00:000 qty_cons_colonel_b 0
00:01:00:000 qty_cons_acum_colonel_b 0
00:01:00:000 qty_cons_colonel_a1 2
00:01:00:000 qty_cons_acum_colonel_a1 2
00:01:00:000 qty_cons_bronson_a1 0
00:01:00:000 qty_cons_acum_bronson_a1 0
00:01:00:000 qty_cons_bronson_b 35
00:01:00:000 qty_cons_acum_bronson_b 35
00:01:00:000 arrived_c1counter 25
00:01:00:000 solved_c1counter 24
00:01:00:000 arrived_c2counter 14
00:01:00:000 solved_c2counter 14
00:01:00:000 arrived_c6counter 7
00:01:00:000 solved_c6counter 7
00:01:00:000 arrived_c7counter 0
00:01:00:000 solved_c7counter 0
00:01:00:000 arrived_c12counter 0
00:01:00:000 solved_c12counter 0
00:01:00:000 arrived_c10counter 0
00:01:00:000 solved_c10counter 0
00:01:00:000 arrived_c3counter 1
00:01:00:000 solved_c3counter 1
00:01:00:000 arrived_c11counter 0
00:01:00:000 solved_c11counter 0
00:01:00:000 arrived_c5counter 2
00:01:00:000 solved_c5counter 2
00:01:00:000 arrived_c13counter 0
00:01:00:000 solved_c13counter 0
00:01:00:000 arrived_c16counter 0
00:01:00:000 solved_c16counter 0
00:01:00:000 arrived_c14counter 0
00:01:00:000 solved_c14counter 0
00:01:00:000 arrived_c4counter 1
00:01:00:000 solved_c4counter 1
00:01:00:000 arrived_c8counter 3
00:01:00:000 solved_c8counter 3
00:01:00:000 arrived_c9counter 66
00:01:00:000 solved_c9counter 65
00:01:00:000 arrived_c15counter 0
00:01:00:000 solved_c15counter 0
00:02:00:000 arrived_bigcounter 105
00:02:00:000 solved_bigcounter 76.5
00:02:00:000 qty_cons_sunnyside_a 23
00:02:00:000 qty_cons_acum_sunnyside_a 46
00:02:00:000 qty_cons_colonel_b 5
00:02:00:000 qty_cons_acum_colonel_b 10
00:02:00:000 qty_cons_colonel_a1 2.5
00:02:00:000 qty_cons_acum_colonel_a1 5
00:02:00:000 qty_cons_bronson_a1 2
00:02:00:000 qty_cons_acum_bronson_a1 4
00:02:00:000 qty_cons_bronson_b 44
00:02:00:000 qty_cons_acum_bronson_b 88
00:02:00:000 arrived_c1counter 28.5
00:02:00:000 solved_c1counter 28
00:02:00:000 arrived_c2counter 16
00:02:00:000 solved_c2counter 16
00:02:00:000 arrived_c6counter 12
00:02:00:000 solved_c6counter 12
00:02:00:000 arrived_c7counter 5.5
00:02:00:000 solved_c7counter 5.5
00:02:00:000 arrived_c12counter 8
00:02:00:000 solved_c12counter 8
00:02:00:000 arrived_c10counter 2.5
00:02:00:000 solved_c10counter 2.5
00:02:00:000 arrived_c3counter 2
00:02:00:000 solved_c3counter 2
00:02:00:000 arrived_c11counter 3.5
00:02:00:000 solved_c11counter 3.5
00:02:00:000 arrived_c5counter 3.5
00:02:00:000 solved_c5counter 3.5
00:02:00:000 arrived_c13counter 2
00:02:00:000 solved_c13counter 2
00:02:00:000 arrived_c16counter 3
00:02:00:000 solved_c16counter 3
00:02:00:000 arrived_c14counter 0.5
00:02:00:000 solved_c14counter 0.5
00:02:00:000 arrived_c4counter 2
00:02:00:000 solved_c4counter 2
00:02:00:000 arrived_c8counter 3
00:02:00:000 solved_c8counter 3
00:02:00:000 arrived_c9counter 72.5
00:02:00:000 solved_c9counter 72.5
00:02:00:000 arrived_c15counter 0.5
00:02:00:000 solved_c15counter 0.5
00:03:00:000 arrived_bigcounter 105
00:03:00:000 solved_bigcounter 82.3333
00:03:00:000 qty_cons_sunnyside_a 24.3333
00:03:00:000 qty_cons_acum_sunnyside_a 73
00:03:00:000 qty_cons_colonel_b 7.33333
00:03:00:000 qty_cons_acum_colonel_b 22
00:03:00:000 qty_cons_colonel_a1 3.66667
00:03:00:000 qty_cons_acum_colonel_a1 11
00:03:00:000 qty_cons_bronson_a1 1.66667
00:03:00:000 qty_cons_acum_bronson_a1 5
00:03:00:000 qty_cons_bronson_b 45.3333
00:03:00:000 qty_cons_acum_bronson_b 136
00:03:00:000 arrived_c1counter 29.6667
00:03:00:000 solved_c1counter 29
00:03:00:000 arrived_c2counter 15.6667
00:03:00:000 solved_c2counter 15.6667
00:03:00:000 arrived_c6counter 12.3333
00:03:00:000 solved_c6counter 12.3333
00:03:00:000 arrived_c7counter 8.66667
00:03:00:000 solved_c7counter 8.66667
00:03:00:000 arrived_c12counter 17.3333
00:03:00:000 solved_c12counter 17.3333
00:03:00:000 arrived_c10counter 4.33333
00:03:00:000 solved_c10counter 4.33333
00:03:00:000 arrived_c3counter 3.66667
00:03:00:000 solved_c3counter 3.66667
00:03:00:000 arrived_c11counter 6.66667
00:03:00:000 solved_c11counter 6.66667
00:03:00:000 arrived_c5counter 6
00:03:00:000 solved_c5counter 6
00:03:00:000 arrived_c13counter 3.33333
00:03:00:000 solved_c13counter 3.33333
00:03:00:000 arrived_c16counter 7.66667
00:03:00:000 solved_c16counter 7.66667
00:03:00:000 arrived_c14counter 1
00:03:00:000 solved_c14counter 1
00:03:00:000 arrived_c4counter 3.66667
00:03:00:000 solved_c4counter 3.66667
00:03:00:000 arrived_c8counter 4.33333
00:03:00:000 solved_c8counter 4.33333
00:03:00:000 arrived_c9counter 73.6667
00:03:00:000 solved_c9counter 73.3333
00:03:00:000 arrived_c15counter 0.666667
00:03:00:000 solved_c15counter 0.666667
00:04:00:000 arrived_bigcounter 105
00:04:00:000 solved_bigcounter 85
00:04:00:000 qty_cons_sunnyside_a 26
00:04:00:000 qty_cons_acum_sunnyside_a 104
00:04:00:000 qty_cons_colonel_b 8.25
00:04:00:000 qty_cons_acum_colonel_b 33
00:04:00:000 qty_cons_colonel_a1 4
00:04:00:000 qty_cons_acum_colonel_a1 16
00:04:00:000 qty_cons_bronson_a1 2.75
00:04:00:000 qty_cons_acum_bronson_a1 11
00:04:00:000 qty_cons_bronson_b 44
00:04:00:000 qty_cons_acum_bronson_b 176
00:04:00:000 arrived_c1counter 30
00:04:00:000 solved_c1counter 29.75
00:04:00:000 arrived_c2counter 16.5
00:04:00:000 solved_c2counter 16.5
00:04:00:000 arrived_c6counter 12.75
00:04:00:000 solved_c6counter 12.75
00:04:00:000 arrived_c7counter 9.25
00:04:00:000 solved_c7counter 9.25
00:04:00:000 arrived_c12counter 19.75
00:04:00:000 solved_c12counter 19.5
00:04:00:000 arrived_c10counter 4.25
00:04:00:000 solved_c10counter 4.25
00:04:00:000 arrived_c3counter 5
00:04:00:000 solved_c3counter 5
00:04:00:000 arrived_c11counter 8.25
00:04:00:000 solved_c11counter 8.25
00:04:00:000 arrived_c5counter 7.75
00:04:00:000 solved_c5counter 7.75
00:04:00:000 arrived_c13counter 4
00:04:00:000 solved_c13counter 4
00:04:00:000 arrived_c16counter 9.25
00:04:00:000 solved_c16counter 9.25
00:04:00:000 arrived_c14counter 1.25
00:04:00:000 solved_c14counter 1.25
00:04:00:000 arrived_c4counter 4.25
00:04:00:000 solved_c4counter 4.25
00:04:00:000 arrived_c8counter 6.5
00:04:00:000 solved_c8counter 6.5
00:04:00:000 arrived_c9counter 75.75
00:04:00:000 solved_c9counter 75.75
00:04:00:000 arrived_c15counter 1
00:04:00:000 solved_c15counter 1
00:05:00:000 arrived_bigcounter 105
00:05:00:000 solved_bigcounter 86.8
00:05:00:000 qty_cons_sunnyside_a 26
00:05:00:000 qty_cons_acum_sunnyside_a 130
00:05:00:000 qty_cons_colonel_b 8.6
00:05:00:000 qty_cons_acum_colonel_b 43
00:05:00:000 qty_cons_colonel_a1 4.2
00:05:00:000 qty_cons_acum_colonel_a1 21
00:05:00:000 qty_cons_bronson_a1 3.2
00:05:00:000 qty_cons_acum_bronson_a1 16
00:05:00:000 qty_cons_bronson_b 44.8
00:05:00:000 qty_cons_acum_bronson_b 224
00:05:00:000 arrived_c1counter 30
00:05:00:000 solved_c1counter 29.8
00:05:00:000 arrived_c2counter 16.6
00:05:00:000 solved_c2counter 16.6
00:05:00:000 arrived_c6counter 13
00:05:00:000 solved_c6counter 13
00:05:00:000 arrived_c7counter 9.2
00:05:00:000 solved_c7counter 9.2
00:05:00:000 arrived_c12counter 17.6
00:05:00:000 solved_c12counter 17.6
00:05:00:000 arrived_c10counter 4.4
00:05:00:000 solved_c10counter 4.4
00:05:00:000 arrived_c3counter 7.8
00:05:00:000 solved_c3counter 7.8
00:05:00:000 arrived_c11counter 8
00:05:00:000 solved_c11counter 7.8
00:05:00:000 arrived_c5counter 8.4
00:05:00:000 solved_c5counter 8.2
00:05:00:000 arrived_c13counter 3.6
00:05:00:000 solved_c13counter 3.6
00:05:00:000 arrived_c16counter 8.6
00:05:00:000 solved_c16counter 8.6
00:05:00:000 arrived_c14counter 3.4
00:05:00:000 solved_c14counter 3.4
00:05:00:000 arrived_c4counter 6.2
00:05:00:000 solved_c4counter 6.2
00:05:00:000 arrived_c8counter 6.6
00:05:00:000 solved_c8counter 6.6
00:05:00:000 arrived_c9counter 76.2
00:05:00:000 solved_c9counter 76.2
00:05:00:000 arrived_c15counter 2.4
00:05:00:000 solved_c15counter 2.4
00:06:00:000 arrived_bigcounter 105
00:06:00:000 solved_bigcounter 87.3333
00:06:00:000 qty_cons_sunnyside_a 25.8333
00:06:00:000 qty_cons_acum_sunnyside_a 155
00:06:00:000 qty_cons_colonel_b 8.83333
00:06:00:000 qty_cons_acum_colonel_b 53
00:06:00:000 qty_cons_colonel_a1 4
00:06:00:000 qty_cons_acum_colonel_a1 24
00:06:00:000 qty_cons_bronson_a1 3.33333
00:06:00:000 qty_cons_acum_bronson_a1 20
00:06:00:000 qty_cons_bronson_b 45.3333
00:06:00:000 qty_cons_acum_bronson_b 272
00:06:00:000 arrived_c1counter 30.1667
00:06:00:000 solved_c1counter 30
00:06:00:000 arrived_c2counter 16.5
00:06:00:000 solved_c2counter 16.5
00:06:00:000 arrived_c6counter 13.5
00:06:00:000 solved_c6counter 13.5
00:06:00:000 arrived_c7counter 8.33333
00:06:00:000 solved_c7counter 8.33333
00:06:00:000 arrived_c12counter 15.5
00:06:00:000 solved_c12counter 15.5
00:06:00:000 arrived_c10counter 4.33333
00:06:00:000 solved_c10counter 4.33333
00:06:00:000 arrived_c3counter 7.83333
00:06:00:000 solved_c3counter 7.83333
00:06:00:000 arrived_c11counter 7.16667
00:06:00:000 solved_c11counter 7.16667
00:06:00:000 arrived_c5counter 9.16667
00:06:00:000 solved_c5counter 9.16667
00:06:00:000 arrived_c13counter 4.5
00:06:00:000 solved_c13counter 4.5
00:06:00:000 arrived_c16counter 7.66667
00:06:00:000 solved_c16counter 7.66667
00:06:00:000 arrived_c14counter 3.16667
00:06:00:000 solved_c14counter 3.16667
00:06:00:000 arrived_c4counter 7.83333
00:06:00:000 solved_c4counter 7.83333
00:06:00:000 arrived_c8counter 7.5
00:06:00:000 solved_c8counter 7.5
00:06:00:000 arrived_c9counter 76.6667
00:06:00:000 solved_c9counter 76.5
00:06:00:000 arrived_c15counter 3.16667
00:06:00:000 solved_c15counter 3.16667
00:07:00:000 arrived_bigcounter 105
00:07:00:000 solved_bigcounter 89.4286
00:07:00:000 qty_cons_sunnyside_a 25.5714
00:07:00:000 qty_cons_acum_sunnyside_a 179
00:07:00:000 qty_cons_colonel_b 9.85714
00:07:00:000 qty_cons_acum_colonel_b 69
00:07:00:000 qty_cons_colonel_a1 4
00:07:00:000 qty_cons_acum_colonel_a1 28
00:07:00:000 qty_cons_bronson_a1 4.14286
00:07:00:000 qty_cons_acum_bronson_a1 29
00:07:00:000 qty_cons_bronson_b 45.8571
00:07:00:000 qty_cons_acum_bronson_b 321
00:07:00:000 arrived_c1counter 30.5714
00:07:00:000 solved_c1counter 30.4286
00:07:00:000 arrived_c2counter 17
00:07:00:000 solved_c2counter 17
00:07:00:000 arrived_c6counter 13.7143
00:07:00:000 solved_c6counter 13.7143
00:07:00:000 arrived_c7counter 8.57143
00:07:00:000 solved_c7counter 8.57143
00:07:00:000 arrived_c12counter 13.5714
00:07:00:000 solved_c12counter 13.5714
00:07:00:000 arrived_c10counter 4
00:07:00:000 solved_c10counter 4
00:07:00:000 arrived_c3counter 7.85714
00:07:00:000 solved_c3counter 7.71429
00:07:00:000 arrived_c11counter 6.57143
00:07:00:000 solved_c11counter 6.42857
00:07:00:000 arrived_c5counter 9
00:07:00:000 solved_c5counter 9
00:07:00:000 arrived_c13counter 4.14286
00:07:00:000 solved_c13counter 4.14286
00:07:00:000 arrived_c16counter 6.57143
00:07:00:000 solved_c16counter 6.57143
00:07:00:000 arrived_c14counter 3.14286
00:07:00:000 solved_c14counter 3.14286
00:07:00:000 arrived_c4counter 7.85714
00:07:00:000 solved_c4counter 7.85714
00:07:00:000 arrived_c8counter 7.71429
00:07:00:000 solved_c8counter 7.71429
00:07:00:000 arrived_c9counter 77.5714
00:07:00:000 solved_c9counter 77.4286
00:07:00:000 arrived_c15counter 3.42857
00:07:00:000 solved_c15counter 3.42857
00:08:00:000 arrived_bigcounter 105
00:08:00:000 solved_bigcounter 89.375
00:08:00:000 qty_cons_sunnyside_a 24.875
00:08:00:000 qty_cons_acum_sunnyside_a 199
00:08:00:000 qty_cons_colonel_b 9.75
00:08:00:000 qty_cons_acum_colonel_b 78
00:08:00:000 qty_cons_colonel_a1 3.625
00:08:00:000 qty_cons_acum_colonel_a1 29
00:08:00:000 qty_cons_bronson_a1 4.625
00:08:00:000 qty_cons_acum_bronson_a1 37
00:08:00:000 qty_cons_bronson_b 46.5
00:08:00:000 qty_cons_acum_bronson_b 372
00:08:00:000 arrived_c1counter 30.875
00:08:00:000 solved_c1counter 30.75
00:08:00:000 arrived_c2counter 17
00:08:00:000 solved_c2counter 17
00:08:00:000 arrived_c6counter 13.875
00:08:00:000 solved_c6counter 13.875
00:08:00:000 arrived_c7counter 9.375
00:08:00:000 solved_c7counter 9.375
00:08:00:000 arrived_c12counter 12.5
00:08:00:000 solved_c12counter 12.5
00:08:00:000 arrived_c10counter 5.625
00:08:00:000 solved_c10counter 5.625
00:08:00:000 arrived_c3counter 8.25
00:08:00:000 solved_c3counter 8.25
00:08:00:000 arrived_c11counter 6.625
00:08:00:000 solved_c11counter 6.625
00:08:00:000 arrived_c5counter 8.375
00:08:00:000 solved_c5counter 8.375
00:08:00:000 arrived_c13counter 4.875
00:08:00:000 solved_c13counter 4.875
00:08:00:000 arrived_c16counter 5.75
00:08:00:000 solved_c16counter 5.75
00:08:00:000 arrived_c14counter 3.875
00:08:00:000 solved_c14counter 3.875
00:08:00:000 arrived_c4counter 7.625
00:08:00:000 solved_c4counter 7.625
00:08:00:000 arrived_c8counter 8.25
00:08:00:000 solved_c8counter 8.25
00:08:00:000 arrived_c9counter 78
00:08:00:000 solved_c9counter 78
00:08:00:000 arrived_c15counter 3.125
00:08:00:000 solved_c15counter 3.125
00:09:00:000 arrived_bigcounter 105
00:09:00:000 solved_bigcounter 90
00:09:00:000 qty_cons_sunnyside_a 25.1111
00:09:00:000 qty_cons_acum_sunnyside_a 226
00:09:00:000 qty_cons_colonel_b 10.1111
00:09:00:000 qty_cons_acum_colonel_b 91
00:09:00:000 qty_cons_colonel_a1 3.66667
00:09:00:000 qty_cons_acum_colonel_a1 33
00:09:00:000 qty_cons_bronson_a1 4.55556
00:09:00:000 qty_cons_acum_bronson_a1 41
00:09:00:000 qty_cons_bronson_b 46.5556
00:09:00:000 qty_cons_acum_bronson_b 419
00:09:00:000 arrived_c1counter 31.2222
00:09:00:000 solved_c1counter 31.1111
00:09:00:000 arrived_c2counter 17.4444
00:09:00:000 solved_c2counter 17.4444
00:09:00:000 arrived_c6counter 14.1111
00:09:00:000 solved_c6counter 14.1111
00:09:00:000 arrived_c7counter 9.55556
00:09:00:000 solved_c7counter 9.55556
00:09:00:000 arrived_c12counter 12.5556
00:09:00:000 solved_c12counter 12.4444
00:09:00:000 arrived_c10counter 6.66667
00:09:00:000 solved_c10counter 6.66667
00:09:00:000 arrived_c3counter 8.88889
00:09:00:000 solved_c3counter 8.88889
00:09:00:000 arrived_c11counter 7.66667
00:09:00:000 solved_c11counter 7.66667
00:09:00:000 arrived_c5counter 7.66667
00:09:00:000 solved_c5counter 7.66667
00:09:00:000 arrived_c13counter 5.11111
00:09:00:000 solved_c13counter 5.11111
00:09:00:000 arrived_c16counter 5.66667
00:09:00:000 solved_c16counter 5.66667
00:09:00:000 arrived_c14counter 4.55556
00:09:00:000 solved_c14counter 4.55556
00:09:00:000 arrived_c4counter 6.77778
00:09:00:000 solved_c4counter 6.77778
00:09:00:000 arrived_c8counter 8
00:09:00:000 solved_c8counter 8
00:09:00:000 arrived_c9counter 78.4444
00:09:00:000 solved_c9counter 78.4444
00:09:00:000 arrived_c15counter 2.77778
00:09:00:000 solved_c15counter 2.77778
00:10:00:000 arrived_bigcounter 105
00:10:00:000 solved_bigcounter 90.5
00:10:00:000 qty_cons_sunnyside_a 25.4
00:10:00:000 qty_cons_acum_sunnyside_a 254
00:10:00:000 qty_cons_colonel_b 10.3
00:10:00:000 qty_cons_acum_colonel_b 103
00:10:00:000 qty_cons_colonel_a1 3.6
00:10:00:000 qty_cons_acum_colonel_a1 36
00:10:00:000 qty_cons_bronson_a1 5
00:10:00:000 qty_cons_acum_bronson_a1 50
00:10:00:000 qty_cons_bronson_b 46.2
00:10:00:000 qty_cons_acum_bronson_b 462
00:10:00:000 arrived_c1counter 31.4
00:10:00:000 solved_c1counter 31.3
00:10:00:000 arrived_c2counter 17.9
00:10:00:000 solved_c2counter 17.9
00:10:00:000 arrived_c6counter 14.1
00:10:00:000 solved_c6counter 14.1
00:10:00:000 arrived_c7counter 9.9
00:10:00:000 solved_c7counter 9.9
00:10:00:000 arrived_c12counter 12.1
00:10:00:000 solved_c12counter 12
00:10:00:000 arrived_c10counter 7.6
00:10:00:000 solved_c10counter 7.6
00:10:00:000 arrived_c3counter 8.8
00:10:00:000 solved_c3counter 8.8
00:10:00:000 arrived_c11counter 8.4
00:10:00:000 solved_c11counter 8.3
00:10:00:000 arrived_c5counter 7.7
00:10:00:000 solved_c5counter 7.7
00:10:00:000 arrived_c13counter 5.3
00:10:00:000 solved_c13counter 5.3
00:10:00:000 arrived_c16counter 5.3
00:10:00:000 solved_c16counter 5.3
00:10:00:000 arrived_c14counter 4.3
00:10:00:000 solved_c14counter 4.3
00:10:00:000 arrived_c4counter 6.8
00:10:00:000 solved_c4counter 6.7
00:10:00:000 arrived_c8counter 8.9
00:10:00:000 solved_c8counter 8.9
00:10:00:000 arrived_c9counter 78.9
00:10:00:000 solved_c9counter 78.9
00:10:00:000 arrived_c15counter 2.6
00:10:00:000 solved_c15counter 2.6
