00:01:00:000 arrived_bigcounter 20
00:01:00:000 solved_bigcounter 20
00:01:00:000 qty_cons_t2 20
00:01:00:000 qty_cons_acum_t2 20
00:01:00:000 arrived_c1counter 20
00:01:00:000 solved_c1counter 20
00:02:00:000 arrived_bigcounter 20
00:02:00:000 solved_bigcounter 20
00:02:00:000 qty_cons_t2 20
00:02:00:000 qty_cons_acum_t2 40
00:02:00:000 arrived_c1counter 20
00:02:00:000 solved_c1counter 20
00:03:00:000 arrived_bigcounter 20
00:03:00:000 solved_bigcounter 20
00:03:00:000 qty_cons_t2 20
00:03:00:000 qty_cons_acum_t2 60
00:03:00:000 arrived_c1counter 20
00:03:00:000 solved_c1counter 20
00:04:00:000 arrived_bigcounter 20
00:04:00:000 solved_bigcounter 20
00:04:00:000 qty_cons_t2 20
00:04:00:000 qty_cons_acum_t2 80
00:04:00:000 arrived_c1counter 20
00:04:00:000 solved_c1counter 20
00:05:00:000 arrived_bigcounter 20
00:05:00:000 solved_bigcounter 20
00:05:00:000 qty_cons_t2 20
00:05:00:000 qty_cons_acum_t2 100
00:05:00:000 arrived_c1counter 20
00:05:00:000 solved_c1counter 20
00:06:00:000 arrived_bigcounter 20
00:06:00:000 solved_bigcounter 20
00:06:00:000 qty_cons_t2 20
00:06:00:000 qty_cons_acum_t2 120
00:06:00:000 arrived_c1counter 20
00:06:00:000 solved_c1counter 20
00:07:00:000 arrived_bigcounter 20
00:07:00:000 solved_bigcounter 20
00:07:00:000 qty_cons_t2 20
00:07:00:000 qty_cons_acum_t2 140
00:07:00:000 arrived_c1counter 20
00:07:00:000 solved_c1counter 20
00:08:00:000 arrived_bigcounter 20
00:08:00:000 solved_bigcounter 20
00:08:00:000 qty_cons_t2 20
00:08:00:000 qty_cons_acum_t2 160
00:08:00:000 arrived_c1counter 20
00:08:00:000 solved_c1counter 20
00:09:00:000 arrived_bigcounter 20
00:09:00:000 solved_bigcounter 20
00:09:00:000 qty_cons_t2 20
00:09:00:000 qty_cons_acum_t2 180
00:09:00:000 arrived_c1counter 20
00:09:00:000 solved_c1counter 20
00:10:00:000 arrived_bigcounter 20
00:10:00:000 solved_bigcounter 20
00:10:00:000 qty_cons_t2 20
00:10:00:000 qty_cons_acum_t2 200
00:10:00:000 arrived_c1counter 20
00:10:00:000 solved_c1counter 20
