00:01:00:000 arrived_bigcounter 105
00:01:00:000 solved_bigcounter 63
00:01:00:000 qty_cons_sunnyside_a 25
00:01:00:000 qty_cons_acum_sunnyside_a 25
00:01:00:000 qty_cons_colonel_b 0
00:01:00:000 qty_cons_acum_colonel_b 0
00:01:00:000 qty_cons_colonel_a1 2
00:01:00:000 qty_cons_acum_colonel_a1 2
00:01:00:000 qty_cons_bronson_a1 0
00:01:00:000 qty_cons_acum_bronson_a1 0
00:01:00:000 qty_cons_bronson_b 36
00:01:00:000 qty_cons_acum_bronson_b 36
00:01:00:000 arrived_c1counter 23
00:01:00:000 solved_c1counter 22
00:01:00:000 arrived_c2counter 16
00:01:00:000 solved_c2counter 15
00:01:00:000 arrived_c6counter 7
00:01:00:000 solved_c6counter 7
00:01:00:000 arrived_c7counter 1
00:01:00:000 solved_c7counter 1
00:01:00:000 arrived_c12counter 0
00:01:00:000 solved_c12counter 0
00:01:00:000 arrived_c10counter 0
00:01:00:000 solved_c10counter 0
00:01:00:000 arrived_c3counter 6
00:01:00:000 solved_c3counter 6
00:01:00:000 arrived_c11counter 0
00:01:00:000 solved_c11counter 0
00:01:00:000 arrived_c5counter 5
00:01:00:000 solved_c5counter 5
00:01:00:000 arrived_c13counter 0
00:01:00:000 solved_c13counter 0
00:01:00:000 arrived_c16counter 0
00:01:00:000 solved_c16counter 0
00:01:00:000 arrived_c14counter 3
00:01:00:000 solved_c14counter 3
00:01:00:000 arrived_c4counter 2
00:01:00:000 solved_c4counter 2
00:01:00:000 arrived_c8counter 1
00:01:00:000 solved_c8counter 1
00:01:00:000 arrived_c9counter 66
00:01:00:000 solved_c9counter 66
00:01:00:000 arrived_c15counter 0
00:01:00:000 solved_c15counter 0
00:02:00:000 arrived_bigcounter 105
00:02:00:000 solved_bigcounter 74
00:02:00:000 qty_cons_sunnyside_a 26.5
00:02:00:000 qty_cons_acum_sunnyside_a 53
00:02:00:000 qty_cons_colonel_b 4
00:02:00:000 qty_cons_acum_colonel_b 8
00:02:00:000 qty_cons_colonel_a1 2
00:02:00:000 qty_cons_acum_colonel_a1 4
00:02:00:000 qty_cons_bronson_a1 0.5
00:02:00:000 qty_cons_acum_bronson_a1 1
00:02:00:000 qty_cons_bronson_b 41
00:02:00:000 qty_cons_acum_bronson_b 82
00:02:00:000 arrived_c1counter 28
00:02:00:000 solved_c1counter 27.5
00:02:00:000 arrived_c2counter 22
00:02:00:000 solved_c2counter 22
00:02:00:000 arrived_c6counter 14.5
00:02:00:000 solved_c6counter 14.5
00:02:00:000 arrived_c7counter 6.5
00:02:00:000 solved_c7counter 6.5
00:02:00:000 arrived_c12counter 9.5
00:02:00:000 solved_c12counter 9.5
00:02:00:000 arrived_c10counter 1.5
00:02:00:000 solved_c10counter 1.5
00:02:00:000 arrived_c3counter 9.5
00:02:00:000 solved_c3counter 9
00:02:00:000 arrived_c11counter 3.5
00:02:00:000 solved_c11counter 3
00:02:00:000 arrived_c5counter 9
00:02:00:000 solved_c5counter 8.5
00:02:00:000 arrived_c13counter 1
00:02:00:000 solved_c13counter 1
00:02:00:000 arrived_c16counter 3.5
00:02:00:000 solved_c16counter 3.5
00:02:00:000 arrived_c14counter 3
00:02:00:000 solved_c14counter 3
00:02:00:000 arrived_c4counter 6.5
00:02:00:000 solved_c4counter 6.5
00:02:00:000 arrived_c8counter 1.5
00:02:00:000 solved_c8counter 1.5
00:02:00:000 arrived_c9counter 71
00:02:00:000 solved_c9counter 71
00:02:00:000 arrived_c15counter 4
00:02:00:000 solved_c15counter 4
00:03:00:000 arrived_bigcounter 105
00:03:00:000 solved_bigcounter 79.3333
00:03:00:000 qty_cons_sunnyside_a 25.6667
00:03:00:000 qty_cons_acum_sunnyside_a 77
00:03:00:000 qty_cons_colonel_b 6
00:03:00:000 qty_cons_acum_colonel_b 18
00:03:00:000 qty_cons_colonel_a1 2.66667
00:03:00:000 qty_cons_acum_colonel_a1 8
00:03:00:000 qty_cons_bronson_a1 2
00:03:00:000 qty_cons_acum_bronson_a1 6
00:03:00:000 qty_cons_bronson_b 43
00:03:00:000 qty_cons_acum_bronson_b 129
00:03:00:000 arrived_c1counter 29.3333
00:03:00:000 solved_c1counter 29
00:03:00:000 arrived_c2counter 21.3333
00:03:00:000 solved_c2counter 21.3333
00:03:00:000 arrived_c6counter 16.6667
00:03:00:000 solved_c6counter 16.6667
00:03:00:000 arrived_c7counter 7.33333
00:03:00:000 solved_c7counter 7.33333
00:03:00:000 arrived_c12counter 11.6667
00:03:00:000 solved_c12counter 11.6667
00:03:00:000 arrived_c10counter 4
00:03:00:000 solved_c10counter 4
00:03:00:000 arrived_c3counter 10.3333
00:03:00:000 solved_c3counter 10.3333
00:03:00:000 arrived_c11counter 5.33333
00:03:00:000 solved_c11counter 5.33333
00:03:00:000 arrived_c5counter 11
00:03:00:000 solved_c5counter 11
00:03:00:000 arrived_c13counter 3.66667
00:03:00:000 solved_c13counter 3.66667
00:03:00:000 arrived_c16counter 5
00:03:00:000 solved_c16counter 5
00:03:00:000 arrived_c14counter 3.66667
00:03:00:000 solved_c14counter 3.66667
00:03:00:000 arrived_c4counter 8.33333
00:03:00:000 solved_c4counter 8.33333
00:03:00:000 arrived_c8counter 6.66667
00:03:00:000 solved_c8counter 6.66667
00:03:00:000 arrived_c9counter 75
00:03:00:000 solved_c9counter 74.6667
00:03:00:000 arrived_c15counter 4
00:03:00:000 solved_c15counter 4
00:04:00:000 arrived_bigcounter 105
00:04:00:000 solved_bigcounter 84.75
00:04:00:000 qty_cons_sunnyside_a 26.25
00:04:00:000 qty_cons_acum_sunnyside_a 105
00:04:00:000 qty_cons_colonel_b 7.5
00:04:00:000 qty_cons_acum_colonel_b 30
00:04:00:000 qty_cons_colonel_a1 2.75
00:04:00:000 qty_cons_acum_colonel_a1 11
00:04:00:000 qty_cons_bronson_a1 4.25
00:04:00:000 qty_cons_acum_bronson_a1 17
00:04:00:000 qty_cons_bronson_b 44
00:04:00:000 qty_cons_acum_bronson_b 176
00:04:00:000 arrived_c1counter 30
00:04:00:000 solved_c1counter 30
00:04:00:000 arrived_c2counter 21
00:04:00:000 solved_c2counter 21
00:04:00:000 arrived_c6counter 17
00:04:00:000 solved_c6counter 16.75
00:04:00:000 arrived_c7counter 8.5
00:04:00:000 solved_c7counter 8.5
00:04:00:000 arrived_c12counter 13.25
00:04:00:000 solved_c12counter 13.25
00:04:00:000 arrived_c10counter 4
00:04:00:000 solved_c10counter 4
00:04:00:000 arrived_c3counter 10
00:04:00:000 solved_c3counter 10
00:04:00:000 arrived_c11counter 4.5
00:04:00:000 solved_c11counter 4.5
00:04:00:000 arrived_c5counter 11
00:04:00:000 solved_c5counter 11
00:04:00:000 arrived_c13counter 3.75
00:04:00:000 solved_c13counter 3.75
00:04:00:000 arrived_c16counter 6.25
00:04:00:000 solved_c16counter 6.25
00:04:00:000 arrived_c14counter 4
00:04:00:000 solved_c14counter 4
00:04:00:000 arrived_c4counter 9
00:04:00:000 solved_c4counter 9
00:04:00:000 arrived_c8counter 7.25
00:04:00:000 solved_c8counter 7.25
00:04:00:000 arrived_c9counter 76.75
00:04:00:000 solved_c9counter 76.5
00:04:00:000 arrived_c15counter 4.25
00:04:00:000 solved_c15counter 4.25
00:05:00:000 arrived_bigcounter 105
00:05:00:000 solved_bigcounter 86.4
00:05:00:000 qty_cons_sunnyside_a 26.6
00:05:00:000 qty_cons_acum_sunnyside_a 133
00:05:00:000 qty_cons_colonel_b 8
00:05:00:000 qty_cons_acum_colonel_b 40
00:05:00:000 qty_cons_colonel_a1 3.4
00:05:00:000 qty_cons_acum_colonel_a1 17
00:05:00:000 qty_cons_bronson_a1 4
00:05:00:000 qty_cons_acum_bronson_a1 20
00:05:00:000 qty_cons_bronson_b 44.4
00:05:00:000 qty_cons_acum_bronson_b 222
00:05:00:000 arrived_c1counter 30.2
00:05:00:000 solved_c1counter 30
00:05:00:000 arrived_c2counter 20.2
00:05:00:000 solved_c2counter 20.2
00:05:00:000 arrived_c6counter 17.2
00:05:00:000 solved_c6counter 17
00:05:00:000 arrived_c7counter 10
00:05:00:000 solved_c7counter 10
00:05:00:000 arrived_c12counter 15
00:05:00:000 solved_c12counter 15
00:05:00:000 arrived_c10counter 5.4
00:05:00:000 solved_c10counter 5.4
00:05:00:000 arrived_c3counter 9.6
00:05:00:000 solved_c3counter 9.6
00:05:00:000 arrived_c11counter 5.2
00:05:00:000 solved_c11counter 5.2
00:05:00:000 arrived_c5counter 10.8
00:05:00:000 solved_c5counter 10.8
00:05:00:000 arrived_c13counter 4.6
00:05:00:000 solved_c13counter 4.6
00:05:00:000 arrived_c16counter 7.2
00:05:00:000 solved_c16counter 7.2
00:05:00:000 arrived_c14counter 3.4
00:05:00:000 solved_c14counter 3.4
00:05:00:000 arrived_c4counter 9
00:05:00:000 solved_c4counter 8.8
00:05:00:000 arrived_c8counter 7.8
00:05:00:000 solved_c8counter 7.8
00:05:00:000 arrived_c9counter 77
00:05:00:000 solved_c9counter 77
00:05:00:000 arrived_c15counter 3.8
00:05:00:000 solved_c15counter 3.8
00:06:00:000 arrived_bigcounter 105
00:06:00:000 solved_bigcounter 87.3333
00:06:00:000 qty_cons_sunnyside_a 27
00:06:00:000 qty_cons_acum_sunnyside_a 162
00:06:00:000 qty_cons_colonel_b 8.33333
00:06:00:000 qty_cons_acum_colonel_b 50
00:06:00:000 qty_cons_colonel_a1 3.66667
00:06:00:000 qty_cons_acum_colonel_a1 22
00:06:00:000 qty_cons_bronson_a1 4.16667
00:06:00:000 qty_cons_acum_bronson_a1 25
00:06:00:000 qty_cons_bronson_b 44.1667
00:06:00:000 qty_cons_acum_bronson_b 265
00:06:00:000 arrived_c1counter 30.3333
00:06:00:000 solved_c1counter 30.3333
00:06:00:000 arrived_c2counter 19.5
00:06:00:000 solved_c2counter 19.5
00:06:00:000 arrived_c6counter 16.8333
00:06:00:000 solved_c6counter 16.8333
00:06:00:000 arrived_c7counter 10
00:06:00:000 solved_c7counter 10
00:06:00:000 arrived_c12counter 14.3333
00:06:00:000 solved_c12counter 14.3333
00:06:00:000 arrived_c10counter 5.33333
00:06:00:000 solved_c10counter 5.16667
00:06:00:000 arrived_c3counter 9
00:06:00:000 solved_c3counter 9
00:06:00:000 arrived_c11counter 5.33333
00:06:00:000 solved_c11counter 5.33333
00:06:00:000 arrived_c5counter 10.6667
00:06:00:000 solved_c5counter 10.6667
00:06:00:000 arrived_c13counter 5
00:06:00:000 solved_c13counter 5
00:06:00:000 arrived_c16counter 7
00:06:00:000 solved_c16counter 7
00:06:00:000 arrived_c14counter 2.83333
00:06:00:000 solved_c14counter 2.83333
00:06:00:000 arrived_c4counter 8.66667
00:06:00:000 solved_c4counter 8.66667
00:06:00:000 arrived_c8counter 9
00:06:00:000 solved_c8counter 9
00:06:00:000 arrived_c9counter 78
00:06:00:000 solved_c9counter 78
00:06:00:000 arrived_c15counter 3.5
00:06:00:000 solved_c15counter 3.5
00:07:00:000 arrived_bigcounter 105
00:07:00:000 solved_bigcounter 89
00:07:00:000 qty_cons_sunnyside_a 27.2857
00:07:00:000 qty_cons_acum_sunnyside_a 191
00:07:00:000 qty_cons_colonel_b 9.14286
00:07:00:000 qty_cons_acum_colonel_b 64
00:07:00:000 qty_cons_colonel_a1 3.57143
00:07:00:000 qty_cons_acum_colonel_a1 25
00:07:00:000 qty_cons_bronson_a1 4.57143
00:07:00:000 qty_cons_acum_bronson_a1 32
00:07:00:000 qty_cons_bronson_b 44.4286
00:07:00:000 qty_cons_acum_bronson_b 311
00:07:00:000 arrived_c1counter 30.2857
00:07:00:000 solved_c1counter 30.2857
00:07:00:000 arrived_c2counter 20
00:07:00:000 solved_c2counter 20
00:07:00:000 arrived_c6counter 17.1429
00:07:00:000 solved_c6counter 17.1429
00:07:00:000 arrived_c7counter 10
00:07:00:000 solved_c7counter 10
00:07:00:000 arrived_c12counter 13.4286
00:07:00:000 solved_c12counter 13.4286
00:07:00:000 arrived_c10counter 5.28571
00:07:00:000 solved_c10counter 5.28571
00:07:00:000 arrived_c3counter 9.28571
00:07:00:000 solved_c3counter 9.28571
00:07:00:000 arrived_c11counter 4.85714
00:07:00:000 solved_c11counter 4.85714
00:07:00:000 arrived_c5counter 10.5714
00:07:00:000 solved_c5counter 10.5714
00:07:00:000 arrived_c13counter 4.85714
00:07:00:000 solved_c13counter 4.85714
00:07:00:000 arrived_c16counter 6.85714
00:07:00:000 solved_c16counter 6.85714
00:07:00:000 arrived_c14counter 3.14286
00:07:00:000 solved_c14counter 3.14286
00:07:00:000 arrived_c4counter 7.85714
00:07:00:000 solved_c4counter 7.85714
00:07:00:000 arrived_c8counter 8.57143
00:07:00:000 solved_c8counter 8.57143
00:07:00:000 arrived_c9counter 78.1429
00:07:00:000 solved_c9counter 78.1429
00:07:00:000 arrived_c15counter 3
00:07:00:000 solved_c15counter 3
00:08:00:000 arrived_bigcounter 105
00:08:00:000 solved_bigcounter 88.5
00:08:00:000 qty_cons_sunnyside_a 27.75
00:08:00:000 qty_cons_acum_sunnyside_a 222
00:08:00:000 qty_cons_colonel_b 8.625
00:08:00:000 qty_cons_acum_colonel_b 69
00:08:00:000 qty_cons_colonel_a1 3.25
00:08:00:000 qty_cons_acum_colonel_a1 26
00:08:00:000 qty_cons_bronson_a1 4.5
00:08:00:000 qty_cons_acum_bronson_a1 36
00:08:00:000 qty_cons_bronson_b 44.375
00:08:00:000 qty_cons_acum_bronson_b 355
00:08:00:000 arrived_c1counter 28.375
00:08:00:000 solved_c1counter 28.375
00:08:00:000 arrived_c2counter 19.375
00:08:00:000 solved_c2counter 19.375
00:08:00:000 arrived_c6counter 16.75
00:08:00:000 solved_c6counter 16.75
00:08:00:000 arrived_c7counter 9.875
00:08:00:000 solved_c7counter 9.875
00:08:00:000 arrived_c12counter 13.25
00:08:00:000 solved_c12counter 13.25
00:08:00:000 arrived_c10counter 4.875
00:08:00:000 solved_c10counter 4.875
00:08:00:000 arrived_c3counter 8.5
00:08:00:000 solved_c3counter 8.5
00:08:00:000 arrived_c11counter 4.875
00:08:00:000 solved_c11counter 4.875
00:08:00:000 arrived_c5counter 10
00:08:00:000 solved_c5counter 10
00:08:00:000 arrived_c13counter 4.75
00:08:00:000 solved_c13counter 4.75
00:08:00:000 arrived_c16counter 6.625
00:08:00:000 solved_c16counter 6.625
00:08:00:000 arrived_c14counter 2.875
00:08:00:000 solved_c14counter 2.875
00:08:00:000 arrived_c4counter 7.5
00:08:00:000 solved_c4counter 7.5
00:08:00:000 arrived_c8counter 8.625
00:08:00:000 solved_c8counter 8.625
00:08:00:000 arrived_c9counter 78.375
00:08:00:000 solved_c9counter 78.25
00:08:00:000 arrived_c15counter 2.625
00:08:00:000 solved_c15counter 2.625
00:09:00:000 arrived_bigcounter 105
00:09:00:000 solved_bigcounter 87.5556
00:09:00:000 qty_cons_sunnyside_a 27.6667
00:09:00:000 qty_cons_acum_sunnyside_a 249
00:09:00:000 qty_cons_colonel_b 7.66667
00:09:00:000 qty_cons_acum_colonel_b 69
00:09:00:000 qty_cons_colonel_a1 2.88889
00:09:00:000 qty_cons_acum_colonel_a1 26
00:09:00:000 qty_cons_bronson_a1 4.77778
00:09:00:000 qty_cons_acum_bronson_a1 43
00:09:00:000 qty_cons_bronson_b 44.5556
00:09:00:000 qty_cons_acum_bronson_b 401
00:09:00:000 arrived_c1counter 26.8889
00:09:00:000 solved_c1counter 26.8889
00:09:00:000 arrived_c2counter 18.7778
00:09:00:000 solved_c2counter 18.7778
00:09:00:000 arrived_c6counter 16.5556
00:09:00:000 solved_c6counter 16.5556
00:09:00:000 arrived_c7counter 9.77778
00:09:00:000 solved_c7counter 9.77778
00:09:00:000 arrived_c12counter 13.3333
00:09:00:000 solved_c12counter 13.3333
00:09:00:000 arrived_c10counter 4.77778
00:09:00:000 solved_c10counter 4.77778
00:09:00:000 arrived_c3counter 7.88889
00:09:00:000 solved_c3counter 7.88889
00:09:00:000 arrived_c11counter 5.22222
00:09:00:000 solved_c11counter 5.22222
00:09:00:000 arrived_c5counter 9.55556
00:09:00:000 solved_c5counter 9.55556
00:09:00:000 arrived_c13counter 4.66667
00:09:00:000 solved_c13counter 4.66667
00:09:00:000 arrived_c16counter 6.11111
00:09:00:000 solved_c16counter 6.11111
00:09:00:000 arrived_c14counter 2.55556
00:09:00:000 solved_c14counter 2.55556
00:09:00:000 arrived_c4counter 7.55556
00:09:00:000 solved_c4counter 7.55556
00:09:00:000 arrived_c8counter 8.77778
00:09:00:000 solved_c8counter 8.77778
00:09:00:000 arrived_c9counter 78.7778
00:09:00:000 solved_c9counter 78.7778
00:09:00:000 arrived_c15counter 2.77778
00:09:00:000 solved_c15counter 2.77778
00:10:00:000 arrived_bigcounter 105
00:10:00:000 solved_bigcounter 86.8
00:10:00:000 qty_cons_sunnyside_a 27.7
00:10:00:000 qty_cons_acum_sunnyside_a 277
00:10:00:000 qty_cons_colonel_b 7.1
00:10:00:000 qty_cons_acum_colonel_b 71
00:10:00:000 qty_cons_colonel_a1 2.7
00:10:00:000 qty_cons_acum_colonel_a1 27
00:10:00:000 qty_cons_bronson_a1 4.9
00:10:00:000 qty_cons_acum_bronson_a1 49
00:10:00:000 qty_cons_bronson_b 44.4
00:10:00:000 qty_cons_acum_bronson_b 444
00:10:00:000 arrived_c1counter 25.7
00:10:00:000 solved_c1counter 25.7
00:10:00:000 arrived_c2counter 18.2
00:10:00:000 solved_c2counter 18.2
00:10:00:000 arrived_c6counter 15.9
00:10:00:000 solved_c6counter 15.9
00:10:00:000 arrived_c7counter 9.4
00:10:00:000 solved_c7counter 9.4
00:10:00:000 arrived_c12counter 12.5
00:10:00:000 solved_c12counter 12.5
00:10:00:000 arrived_c10counter 4.7
00:10:00:000 solved_c10counter 4.7
00:10:00:000 arrived_c3counter 7.9
00:10:00:000 solved_c3counter 7.8
00:10:00:000 arrived_c11counter 5
00:10:00:000 solved_c11counter 5
00:10:00:000 arrived_c5counter 9.2
00:10:00:000 solved_c5counter 9.2
00:10:00:000 arrived_c13counter 4.7
00:10:00:000 solved_c13counter 4.7
00:10:00:000 arrived_c16counter 6
00:10:00:000 solved_c16counter 6
00:10:00:000 arrived_c14counter 2.4
00:10:00:000 solved_c14counter 2.4
00:10:00:000 arrived_c4counter 7.1
00:10:00:000 solved_c4counter 7.1
00:10:00:000 arrived_c8counter 8.7
00:10:00:000 solved_c8counter 8.7
00:10:00:000 arrived_c9counter 79
00:10:00:000 solved_c9counter 79
00:10:00:000 arrived_c15counter 2.5
00:10:00:000 solved_c15counter 2.5
