00:01:00:000 arrived_bigcounter 201
00:01:00:000 solved_bigcounter 95
00:01:00:000 qty_cons_sunnyside_a 40
00:01:00:000 qty_cons_acum_sunnyside_a 40
00:01:00:000 qty_cons_colonel_b 1
00:01:00:000 qty_cons_acum_colonel_b 1
00:01:00:000 qty_cons_colonel_a1 3
00:01:00:000 qty_cons_acum_colonel_a1 3
00:01:00:000 qty_cons_bronson_a1 3
00:01:00:000 qty_cons_acum_bronson_a1 3
00:01:00:000 qty_cons_bronson_b 48
00:01:00:000 qty_cons_acum_bronson_b 48
00:01:00:000 arrived_c1counter 30
00:01:00:000 solved_c1counter 29
00:01:00:000 arrived_c2counter 19
00:01:00:000 solved_c2counter 19
00:01:00:000 arrived_c6counter 15
00:01:00:000 solved_c6counter 15
00:01:00:000 arrived_c7counter 10
00:01:00:000 solved_c7counter 10
00:01:00:000 arrived_c12counter 7
00:01:00:000 solved_c12counter 7
00:01:00:000 arrived_c10counter 3
00:01:00:000 solved_c10counter 3
00:01:00:000 arrived_c3counter 5
00:01:00:000 solved_c3counter 5
00:01:00:000 arrived_c11counter 3
00:01:00:000 solved_c11counter 3
00:01:00:000 arrived_c5counter 5
00:01:00:000 solved_c5counter 5
00:01:00:000 arrived_c13counter 0
00:01:00:000 solved_c13counter 0
00:01:00:000 arrived_c16counter 3
00:01:00:000 solved_c16counter 3
00:01:00:000 arrived_c14counter 2
00:01:00:000 solved_c14counter 2
00:01:00:000 arrived_c4counter 0
00:01:00:000 solved_c4counter 0
00:01:00:000 arrived_c8counter 3
00:01:00:000 solved_c8counter 3
00:01:00:000 arrived_c9counter 102
00:01:00:000 solved_c9counter 100
00:01:00:000 arrived_c15counter 0
00:01:00:000 solved_c15counter 0
00:02:00:000 arrived_bigcounter 167
00:02:00:000 solved_bigcounter 105.5
00:02:00:000 qty_cons_sunnyside_a 45.5
00:02:00:000 qty_cons_acum_sunnyside_a 91
00:02:00:000 qty_cons_colonel_b 7
00:02:00:000 qty_cons_acum_colonel_b 14
00:02:00:000 qty_cons_colonel_a1 6
00:02:00:000 qty_cons_acum_colonel_a1 12
00:02:00:000 qty_cons_bronson_a1 2.5
00:02:00:000 qty_cons_acum_bronson_a1 5
00:02:00:000 qty_cons_bronson_b 44.5
00:02:00:000 qty_cons_acum_bronson_b 89
00:02:00:000 arrived_c1counter 30.5
00:02:00:000 solved_c1counter 30
00:02:00:000 arrived_c2counter 12.5
00:02:00:000 solved_c2counter 12.5
00:02:00:000 arrived_c6counter 11
00:02:00:000 solved_c6counter 11
00:02:00:000 arrived_c7counter 11
00:02:00:000 solved_c7counter 11
00:02:00:000 arrived_c12counter 22
00:02:00:000 solved_c12counter 22
00:02:00:000 arrived_c10counter 5.5
00:02:00:000 solved_c10counter 5.5
00:02:00:000 arrived_c3counter 6
00:02:00:000 solved_c3counter 6
00:02:00:000 arrived_c11counter 11
00:02:00:000 solved_c11counter 10.5
00:02:00:000 arrived_c5counter 4.5
00:02:00:000 solved_c5counter 4.5
00:02:00:000 arrived_c13counter 0.5
00:02:00:000 solved_c13counter 0.5
00:02:00:000 arrived_c16counter 8
00:02:00:000 solved_c16counter 8
00:02:00:000 arrived_c14counter 3
00:02:00:000 solved_c14counter 3
00:02:00:000 arrived_c4counter 1.5
00:02:00:000 solved_c4counter 1.5
00:02:00:000 arrived_c8counter 3.5
00:02:00:000 solved_c8counter 3.5
00:02:00:000 arrived_c9counter 98
00:02:00:000 solved_c9counter 97
00:02:00:000 arrived_c15counter 0.5
00:02:00:000 solved_c15counter 0.5
00:03:00:000 arrived_bigcounter 151.333
00:03:00:000 solved_bigcounter 111.333
00:03:00:000 qty_cons_sunnyside_a 46.6667
00:03:00:000 qty_cons_acum_sunnyside_a 140
00:03:00:000 qty_cons_colonel_b 12
00:03:00:000 qty_cons_acum_colonel_b 36
00:03:00:000 qty_cons_colonel_a1 6.33333
00:03:00:000 qty_cons_acum_colonel_a1 19
00:03:00:000 qty_cons_bronson_a1 2.66667
00:03:00:000 qty_cons_acum_bronson_a1 8
00:03:00:000 qty_cons_bronson_b 43.6667
00:03:00:000 qty_cons_acum_bronson_b 131
00:03:00:000 arrived_c1counter 30.3333
00:03:00:000 solved_c1counter 30
00:03:00:000 arrived_c2counter 9.33333
00:03:00:000 solved_c2counter 9.33333
00:03:00:000 arrived_c6counter 8.33333
00:03:00:000 solved_c6counter 8.33333
00:03:00:000 arrived_c7counter 7.66667
00:03:00:000 solved_c7counter 7.66667
00:03:00:000 arrived_c12counter 18.3333
00:03:00:000 solved_c12counter 18.3333
00:03:00:000 arrived_c10counter 5
00:03:00:000 solved_c10counter 5
00:03:00:000 arrived_c3counter 4.66667
00:03:00:000 solved_c3counter 4.66667
00:03:00:000 arrived_c11counter 8.66667
00:03:00:000 solved_c11counter 8.66667
00:03:00:000 arrived_c5counter 4.33333
00:03:00:000 solved_c5counter 4.33333
00:03:00:000 arrived_c13counter 0.666667
00:03:00:000 solved_c13counter 0.666667
00:03:00:000 arrived_c16counter 8
00:03:00:000 solved_c16counter 8
00:03:00:000 arrived_c14counter 2
00:03:00:000 solved_c14counter 2
00:03:00:000 arrived_c4counter 2.33333
00:03:00:000 solved_c4counter 2.33333
00:03:00:000 arrived_c8counter 3.66667
00:03:00:000 solved_c8counter 3.66667
00:03:00:000 arrived_c9counter 96.6667
00:03:00:000 solved_c9counter 96.6667
00:03:00:000 arrived_c15counter 0.666667
00:03:00:000 solved_c15counter 0.666667
00:04:00:000 arrived_bigcounter 143.5
00:04:00:000 solved_bigcounter 112.75
00:04:00:000 qty_cons_sunnyside_a 49
00:04:00:000 qty_cons_acum_sunnyside_a 196
00:04:00:000 qty_cons_colonel_b 13
00:04:00:000 qty_cons_acum_colonel_b 52
00:04:00:000 qty_cons_colonel_a1 6.75
00:04:00:000 qty_cons_acum_colonel_a1 27
00:04:00:000 qty_cons_bronson_a1 2.75
00:04:00:000 qty_cons_acum_bronson_a1 11
00:04:00:000 qty_cons_bronson_b 41.25
00:04:00:000 qty_cons_acum_bronson_b 165
00:04:00:000 arrived_c1counter 30.25
00:04:00:000 solved_c1counter 30
00:04:00:000 arrived_c2counter 8
00:04:00:000 solved_c2counter 8
00:04:00:000 arrived_c6counter 7.75
00:04:00:000 solved_c6counter 7.75
00:04:00:000 arrived_c7counter 6.25
00:04:00:000 solved_c7counter 6.25
00:04:00:000 arrived_c12counter 16.75
00:04:00:000 solved_c12counter 16.75
00:04:00:000 arrived_c10counter 3.75
00:04:00:000 solved_c10counter 3.75
00:04:00:000 arrived_c3counter 4
00:04:00:000 solved_c3counter 4
00:04:00:000 arrived_c11counter 7.25
00:04:00:000 solved_c11counter 7.25
00:04:00:000 arrived_c5counter 4.25
00:04:00:000 solved_c5counter 4.25
00:04:00:000 arrived_c13counter 1
00:04:00:000 solved_c13counter 1
00:04:00:000 arrived_c16counter 7.75
00:04:00:000 solved_c16counter 7.75
00:04:00:000 arrived_c14counter 1.75
00:04:00:000 solved_c14counter 1.75
00:04:00:000 arrived_c4counter 3
00:04:00:000 solved_c4counter 3
00:04:00:000 arrived_c8counter 4.25
00:04:00:000 solved_c8counter 4.25
00:04:00:000 arrived_c9counter 95.75
00:04:00:000 solved_c9counter 96
00:04:00:000 arrived_c15counter 1
00:04:00:000 solved_c15counter 1
00:05:00:000 arrived_bigcounter 138.8
00:05:00:000 solved_bigcounter 114
00:05:00:000 qty_cons_sunnyside_a 50.2
00:05:00:000 qty_cons_acum_sunnyside_a 251
00:05:00:000 qty_cons_colonel_b 14.8
00:05:00:000 qty_cons_acum_colonel_b 74
00:05:00:000 qty_cons_colonel_a1 6.6
00:05:00:000 qty_cons_acum_colonel_a1 33
00:05:00:000 qty_cons_bronson_a1 2.6
00:05:00:000 qty_cons_acum_bronson_a1 13
00:05:00:000 qty_cons_bronson_b 39.8
00:05:00:000 qty_cons_acum_bronson_b 199
00:05:00:000 arrived_c1counter 30.2
00:05:00:000 solved_c1counter 30
00:05:00:000 arrived_c2counter 6.4
00:05:00:000 solved_c2counter 6.4
00:05:00:000 arrived_c6counter 6.4
00:05:00:000 solved_c6counter 6.4
00:05:00:000 arrived_c7counter 5.6
00:05:00:000 solved_c7counter 5.6
00:05:00:000 arrived_c12counter 15.2
00:05:00:000 solved_c12counter 15.2
00:05:00:000 arrived_c10counter 3.2
00:05:00:000 solved_c10counter 3.2
00:05:00:000 arrived_c3counter 4.4
00:05:00:000 solved_c3counter 4.4
00:05:00:000 arrived_c11counter 6.2
00:05:00:000 solved_c11counter 6.2
00:05:00:000 arrived_c5counter 3.4
00:05:00:000 solved_c5counter 3.4
00:05:00:000 arrived_c13counter 1.4
00:05:00:000 solved_c13counter 1.4
00:05:00:000 arrived_c16counter 7.4
00:05:00:000 solved_c16counter 7.4
00:05:00:000 arrived_c14counter 2.6
00:05:00:000 solved_c14counter 2.6
00:05:00:000 arrived_c4counter 3
00:05:00:000 solved_c4counter 3
00:05:00:000 arrived_c8counter 4.8
00:05:00:000 solved_c8counter 4.8
00:05:00:000 arrived_c9counter 95
00:05:00:000 solved_c9counter 95
00:05:00:000 arrived_c15counter 0.8
00:05:00:000 solved_c15counter 0.8
00:06:00:000 arrived_bigcounter 135.667
00:06:00:000 solved_bigcounter 113.833
00:06:00:000 qty_cons_sunnyside_a 50.3333
00:06:00:000 qty_cons_acum_sunnyside_a 302
00:06:00:000 qty_cons_colonel_b 15.3333
00:06:00:000 qty_cons_acum_colonel_b 92
00:06:00:000 qty_cons_colonel_a1 6.16667
00:06:00:000 qty_cons_acum_colonel_a1 37
00:06:00:000 qty_cons_bronson_a1 2.5
00:06:00:000 qty_cons_acum_bronson_a1 15
00:06:00:000 qty_cons_bronson_b 39.5
00:06:00:000 qty_cons_acum_bronson_b 237
00:06:00:000 arrived_c1counter 30.3333
00:06:00:000 solved_c1counter 30.1667
00:06:00:000 arrived_c2counter 6.5
00:06:00:000 solved_c2counter 6.5
00:06:00:000 arrived_c6counter 6
00:06:00:000 solved_c6counter 6
00:06:00:000 arrived_c7counter 5.16667
00:06:00:000 solved_c7counter 5.16667
00:06:00:000 arrived_c12counter 14.1667
00:06:00:000 solved_c12counter 14.1667
00:06:00:000 arrived_c10counter 3
00:06:00:000 solved_c10counter 3
00:06:00:000 arrived_c3counter 4.5
00:06:00:000 solved_c3counter 4.5
00:06:00:000 arrived_c11counter 5.83333
00:06:00:000 solved_c11counter 5.83333
00:06:00:000 arrived_c5counter 3
00:06:00:000 solved_c5counter 3
00:06:00:000 arrived_c13counter 1.33333
00:06:00:000 solved_c13counter 1.33333
00:06:00:000 arrived_c16counter 6.83333
00:06:00:000 solved_c16counter 6.83333
00:06:00:000 arrived_c14counter 2.83333
00:06:00:000 solved_c14counter 2.83333
00:06:00:000 arrived_c4counter 2.5
00:06:00:000 solved_c4counter 2.5
00:06:00:000 arrived_c8counter 4.5
00:06:00:000 solved_c8counter 4.5
00:06:00:000 arrived_c9counter 94.5
00:06:00:000 solved_c9counter 94.6667
00:06:00:000 arrived_c15counter 0.666667
00:06:00:000 solved_c15counter 0.666667
00:07:00:000 arrived_bigcounter 133.429
00:07:00:000 solved_bigcounter 114.857
00:07:00:000 qty_cons_sunnyside_a 51.5714
00:07:00:000 qty_cons_acum_sunnyside_a 361
00:07:00:000 qty_cons_colonel_b 16.2857
00:07:00:000 qty_cons_acum_colonel_b 114
00:07:00:000 qty_cons_colonel_a1 6.28571
00:07:00:000 qty_cons_acum_colonel_a1 44
00:07:00:000 qty_cons_bronson_a1 2.71429
00:07:00:000 qty_cons_acum_bronson_a1 19
00:07:00:000 qty_cons_bronson_b 38
00:07:00:000 qty_cons_acum_bronson_b 266
00:07:00:000 arrived_c1counter 30.2857
00:07:00:000 solved_c1counter 30.1429
00:07:00:000 arrived_c2counter 6
00:07:00:000 solved_c2counter 6
00:07:00:000 arrived_c6counter 5.57143
00:07:00:000 solved_c6counter 5.57143
00:07:00:000 arrived_c7counter 4.57143
00:07:00:000 solved_c7counter 4.57143
00:07:00:000 arrived_c12counter 13.7143
00:07:00:000 solved_c12counter 13.8571
00:07:00:000 arrived_c10counter 2.71429
00:07:00:000 solved_c10counter 2.71429
00:07:00:000 arrived_c3counter 4.57143
00:07:00:000 solved_c3counter 4.57143
00:07:00:000 arrived_c11counter 5.57143
00:07:00:000 solved_c11counter 5.57143
00:07:00:000 arrived_c5counter 2.85714
00:07:00:000 solved_c5counter 2.85714
00:07:00:000 arrived_c13counter 1.28571
00:07:00:000 solved_c13counter 1.28571
00:07:00:000 arrived_c16counter 7.14286
00:07:00:000 solved_c16counter 7.14286
00:07:00:000 arrived_c14counter 2.71429
00:07:00:000 solved_c14counter 2.71429
00:07:00:000 arrived_c4counter 2.42857
00:07:00:000 solved_c4counter 2.42857
00:07:00:000 arrived_c8counter 4.42857
00:07:00:000 solved_c8counter 4.42857
00:07:00:000 arrived_c9counter 94.4286
00:07:00:000 solved_c9counter 94.5714
00:07:00:000 arrived_c15counter 0.571429
00:07:00:000 solved_c15counter 0.571429
00:08:00:000 arrived_bigcounter 131.75
00:08:00:000 solved_bigcounter 115.25
00:08:00:000 qty_cons_sunnyside_a 51.5
00:08:00:000 qty_cons_acum_sunnyside_a 412
00:08:00:000 qty_cons_colonel_b 17.125
00:08:00:000 qty_cons_acum_colonel_b 137
00:08:00:000 qty_cons_colonel_a1 6.125
00:08:00:000 qty_cons_acum_colonel_a1 49
00:08:00:000 qty_cons_bronson_a1 2.5
00:08:00:000 qty_cons_acum_bronson_a1 20
00:08:00:000 qty_cons_bronson_b 38
00:08:00:000 qty_cons_acum_bronson_b 304
00:08:00:000 arrived_c1counter 30.125
00:08:00:000 solved_c1counter 30
00:08:00:000 arrived_c2counter 5.75
00:08:00:000 solved_c2counter 5.75
00:08:00:000 arrived_c6counter 5.375
00:08:00:000 solved_c6counter 5.375
00:08:00:000 arrived_c7counter 4.375
00:08:00:000 solved_c7counter 4.25
00:08:00:000 arrived_c12counter 13.875
00:08:00:000 solved_c12counter 14.25
00:08:00:000 arrived_c10counter 2.375
00:08:00:000 solved_c10counter 2.375
00:08:00:000 arrived_c3counter 4.5
00:08:00:000 solved_c3counter 4.5
00:08:00:000 arrived_c11counter 5.375
00:08:00:000 solved_c11counter 5.375
00:08:00:000 arrived_c5counter 2.625
00:08:00:000 solved_c5counter 2.625
00:08:00:000 arrived_c13counter 1.25
00:08:00:000 solved_c13counter 1.25
00:08:00:000 arrived_c16counter 7.375
00:08:00:000 solved_c16counter 7.375
00:08:00:000 arrived_c14counter 2.875
00:08:00:000 solved_c14counter 2.875
00:08:00:000 arrived_c4counter 2.25
00:08:00:000 solved_c4counter 2.25
00:08:00:000 arrived_c8counter 4.25
00:08:00:000 solved_c8counter 4.25
00:08:00:000 arrived_c9counter 94.125
00:08:00:000 solved_c9counter 94.125
00:08:00:000 arrived_c15counter 0.625
00:08:00:000 solved_c15counter 0.625
00:09:00:000 arrived_bigcounter 130.444
00:09:00:000 solved_bigcounter 114.889
00:09:00:000 qty_cons_sunnyside_a 51.6667
00:09:00:000 qty_cons_acum_sunnyside_a 465
00:09:00:000 qty_cons_colonel_b 17
00:09:00:000 qty_cons_acum_colonel_b 153
00:09:00:000 qty_cons_colonel_a1 6
00:09:00:000 qty_cons_acum_colonel_a1 54
00:09:00:000 qty_cons_bronson_a1 2.44444
00:09:00:000 qty_cons_acum_bronson_a1 22
00:09:00:000 qty_cons_bronson_b 37.7778
00:09:00:000 qty_cons_acum_bronson_b 340
00:09:00:000 arrived_c1counter 27.8889
00:09:00:000 solved_c1counter 27.8889
00:09:00:000 arrived_c2counter 5.33333
00:09:00:000 solved_c2counter 5.33333
00:09:00:000 arrived_c6counter 4.88889
00:09:00:000 solved_c6counter 4.88889
00:09:00:000 arrived_c7counter 4.11111
00:09:00:000 solved_c7counter 4.11111
00:09:00:000 arrived_c12counter 13.2222
00:09:00:000 solved_c12counter 13.6667
00:09:00:000 arrived_c10counter 2.44444
00:09:00:000 solved_c10counter 2.44444
00:09:00:000 arrived_c3counter 4.11111
00:09:00:000 solved_c3counter 4.11111
00:09:00:000 arrived_c11counter 4.88889
00:09:00:000 solved_c11counter 4.88889
00:09:00:000 arrived_c5counter 2.44444
00:09:00:000 solved_c5counter 2.44444
00:09:00:000 arrived_c13counter 1.55556
00:09:00:000 solved_c13counter 1.55556
00:09:00:000 arrived_c16counter 6.88889
00:09:00:000 solved_c16counter 6.88889
00:09:00:000 arrived_c14counter 2.55556
00:09:00:000 solved_c14counter 2.55556
00:09:00:000 arrived_c4counter 2.11111
00:09:00:000 solved_c4counter 2.11111
00:09:00:000 arrived_c8counter 4
00:09:00:000 solved_c8counter 4
00:09:00:000 arrived_c9counter 93.7778
00:09:00:000 solved_c9counter 93.7778
00:09:00:000 arrived_c15counter 0.555556
00:09:00:000 solved_c15counter 0.555556
00:10:00:000 arrived_bigcounter 129.4
00:10:00:000 solved_bigcounter 112.6
00:10:00:000 qty_cons_sunnyside_a 52.2
00:10:00:000 qty_cons_acum_sunnyside_a 522
00:10:00:000 qty_cons_colonel_b 15.3
00:10:00:000 qty_cons_acum_colonel_b 153
00:10:00:000 qty_cons_colonel_a1 5.4
00:10:00:000 qty_cons_acum_colonel_a1 54
00:10:00:000 qty_cons_bronson_a1 2.4
00:10:00:000 qty_cons_acum_bronson_a1 24
00:10:00:000 qty_cons_bronson_b 37.3
00:10:00:000 qty_cons_acum_bronson_b 373
00:10:00:000 arrived_c1counter 25.1
00:10:00:000 solved_c1counter 25.1
00:10:00:000 arrived_c2counter 4.8
00:10:00:000 solved_c2counter 4.8
00:10:00:000 arrived_c6counter 4.4
00:10:00:000 solved_c6counter 4.4
00:10:00:000 arrived_c7counter 3.7
00:10:00:000 solved_c7counter 3.7
00:10:00:000 arrived_c12counter 11.9
00:10:00:000 solved_c12counter 12.3
00:10:00:000 arrived_c10counter 2.2
00:10:00:000 solved_c10counter 2.2
00:10:00:000 arrived_c3counter 3.7
00:10:00:000 solved_c3counter 3.7
00:10:00:000 arrived_c11counter 4.4
00:10:00:000 solved_c11counter 4.4
00:10:00:000 arrived_c5counter 2.2
00:10:00:000 solved_c5counter 2.2
00:10:00:000 arrived_c13counter 1.4
00:10:00:000 solved_c13counter 1.4
00:10:00:000 arrived_c16counter 6.2
00:10:00:000 solved_c16counter 6.2
00:10:00:000 arrived_c14counter 2.3
00:10:00:000 solved_c14counter 2.3
00:10:00:000 arrived_c4counter 1.9
00:10:00:000 solved_c4counter 1.9
00:10:00:000 arrived_c8counter 3.7
00:10:00:000 solved_c8counter 3.7
00:10:00:000 arrived_c9counter 93.5
00:10:00:000 solved_c9counter 93.6
00:10:00:000 arrived_c15counter 0.5
00:10:00:000 solved_c15counter 0.5
