00:01:00:000 arrived_bigcounter 105
00:01:00:000 solved_bigcounter 66
00:01:00:000 qty_cons_sunnyside_a 21
00:01:00:000 qty_cons_acum_sunnyside_a 21
00:01:00:000 qty_cons_colonel_b 0
00:01:00:000 qty_cons_acum_colonel_b 0
00:01:00:000 qty_cons_colonel_a1 2
00:01:00:000 qty_cons_acum_colonel_a1 2
00:01:00:000 qty_cons_bronson_a1 3
00:01:00:000 qty_cons_acum_bronson_a1 3
00:01:00:000 qty_cons_bronson_b 40
00:01:00:000 qty_cons_acum_bronson_b 40
00:01:00:000 arrived_c1counter 22
00:01:00:000 solved_c1counter 21
00:01:00:000 arrived_c2counter 13
00:01:00:000 solved_c2counter 13
00:01:00:000 arrived_c6counter 8
00:01:00:000 solved_c6counter 8
00:01:00:000 arrived_c7counter 5
00:01:00:000 solved_c7counter 5
00:01:00:000 arrived_c12counter 7
00:01:00:000 solved_c12counter 7
00:01:00:000 arrived_c10counter 4
00:01:00:000 solved_c10counter 4
00:01:00:000 arrived_c3counter 10
00:01:00:000 solved_c3counter 10
00:01:00:000 arrived_c11counter 1
00:01:00:000 solved_c11counter 1
00:01:00:000 arrived_c5counter 31
00:01:00:000 solved_c5counter 30
00:01:00:000 arrived_c13counter 11
00:01:00:000 solved_c13counter 11
00:01:00:000 arrived_c16counter 4
00:01:00:000 solved_c16counter 4
00:01:00:000 arrived_c14counter 2
00:01:00:000 solved_c14counter 2
00:01:00:000 arrived_c4counter 20
00:01:00:000 solved_c4counter 20
00:01:00:000 arrived_c8counter 17
00:01:00:000 solved_c8counter 17
00:01:00:000 arrived_c9counter 74
00:01:00:000 solved_c9counter 73
00:01:00:000 arrived_c15counter 7
00:01:00:000 solved_c15counter 7
00:02:00:000 arrived_bigcounter 105
00:02:00:000 solved_bigcounter 79
00:02:00:000 qty_cons_sunnyside_a 25
00:02:00:000 qty_cons_acum_sunnyside_a 50
00:02:00:000 qty_cons_colonel_b 5.5
00:02:00:000 qty_cons_acum_colonel_b 11
00:02:00:000 qty_cons_colonel_a1 2
00:02:00:000 qty_cons_acum_colonel_a1 4
00:02:00:000 qty_cons_bronson_a1 4.5
00:02:00:000 qty_cons_acum_bronson_a1 9
00:02:00:000 qty_cons_bronson_b 42
00:02:00:000 qty_cons_acum_bronson_b 84
00:02:00:000 arrived_c1counter 27.5
00:02:00:000 solved_c1counter 27
00:02:00:000 arrived_c2counter 17
00:02:00:000 solved_c2counter 17
00:02:00:000 arrived_c6counter 10
00:02:00:000 solved_c6counter 10
00:02:00:000 arrived_c7counter 10.5
00:02:00:000 solved_c7counter 10.5
00:02:00:000 arrived_c12counter 17
00:02:00:000 solved_c12counter 17
00:02:00:000 arrived_c10counter 5.5
00:02:00:000 solved_c10counter 5.5
00:02:00:000 arrived_c3counter 9.5
00:02:00:000 solved_c3counter 9.5
00:02:00:000 arrived_c11counter 6.5
00:02:00:000 solved_c11counter 6.5
00:02:00:000 arrived_c5counter 18
00:02:00:000 solved_c5counter 18
00:02:00:000 arrived_c13counter 6.5
00:02:00:000 solved_c13counter 6.5
00:02:00:000 arrived_c16counter 6.5
00:02:00:000 solved_c16counter 6.5
00:02:00:000 arrived_c14counter 2.5
00:02:00:000 solved_c14counter 2.5
00:02:00:000 arrived_c4counter 12.5
00:02:00:000 solved_c4counter 12.5
00:02:00:000 arrived_c8counter 10.5
00:02:00:000 solved_c8counter 10.5
00:02:00:000 arrived_c9counter 76.5
00:02:00:000 solved_c9counter 76.5
00:02:00:000 arrived_c15counter 5
00:02:00:000 solved_c15counter 5
00:03:00:000 arrived_bigcounter 105
00:03:00:000 solved_bigcounter 84
00:03:00:000 qty_cons_sunnyside_a 26
00:03:00:000 qty_cons_acum_sunnyside_a 78
00:03:00:000 qty_cons_colonel_b 7.33333
00:03:00:000 qty_cons_acum_colonel_b 22
00:03:00:000 qty_cons_colonel_a1 3.33333
00:03:00:000 qty_cons_acum_colonel_a1 10
00:03:00:000 qty_cons_bronson_a1 4.33333
00:03:00:000 qty_cons_acum_bronson_a1 13
00:03:00:000 qty_cons_bronson_b 43
00:03:00:000 qty_cons_acum_bronson_b 129
00:03:00:000 arrived_c1counter 29
00:03:00:000 solved_c1counter 28.6667
00:03:00:000 arrived_c2counter 17.3333
00:03:00:000 solved_c2counter 17.3333
00:03:00:000 arrived_c6counter 11.3333
00:03:00:000 solved_c6counter 11.3333
00:03:00:000 arrived_c7counter 11.3333
00:03:00:000 solved_c7counter 11.3333
00:03:00:000 arrived_c12counter 17.6667
00:03:00:000 solved_c12counter 17.3333
00:03:00:000 arrived_c10counter 5
00:03:00:000 solved_c10counter 4.66667
00:03:00:000 arrived_c3counter 10.3333
00:03:00:000 solved_c3counter 10.3333
00:03:00:000 arrived_c11counter 6.33333
00:03:00:000 solved_c11counter 6.33333
00:03:00:000 arrived_c5counter 15.6667
00:03:00:000 solved_c5counter 15.6667
00:03:00:000 arrived_c13counter 4.66667
00:03:00:000 solved_c13counter 4.66667
00:03:00:000 arrived_c16counter 9.33333
00:03:00:000 solved_c16counter 9.33333
00:03:00:000 arrived_c14counter 3.33333
00:03:00:000 solved_c14counter 3.33333
00:03:00:000 arrived_c4counter 9.33333
00:03:00:000 solved_c4counter 9.33333
00:03:00:000 arrived_c8counter 8
00:03:00:000 solved_c8counter 8
00:03:00:000 arrived_c9counter 76.6667
00:03:00:000 solved_c9counter 76.3333
00:03:00:000 arrived_c15counter 4.33333
00:03:00:000 solved_c15counter 4.33333
00:04:00:000 arrived_bigcounter 105
00:04:00:000 solved_bigcounter 85.75
00:04:00:000 qty_cons_sunnyside_a 26.5
00:04:00:000 qty_cons_acum_sunnyside_a 106
00:04:00:000 qty_cons_colonel_b 7.5
00:04:00:000 qty_cons_acum_colonel_b 30
00:04:00:000 qty_cons_colonel_a1 3.75
00:04:00:000 qty_cons_acum_colonel_a1 15
00:04:00:000 qty_cons_bronson_a1 5
00:04:00:000 qty_cons_acum_bronson_a1 20
00:04:00:000 qty_cons_bronson_b 43
00:04:00:000 qty_cons_acum_bronson_b 172
00:04:00:000 arrived_c1counter 29.25
00:04:00:000 solved_c1counter 29
00:04:00:000 arrived_c2counter 17.25
00:04:00:000 solved_c2counter 17.25
00:04:00:000 arrived_c6counter 11.75
00:04:00:000 solved_c6counter 11.75
00:04:00:000 arrived_c7counter 11
00:04:00:000 solved_c7counter 11
00:04:00:000 arrived_c12counter 14.75
00:04:00:000 solved_c12counter 14.75
00:04:00:000 arrived_c10counter 5.5
00:04:00:000 solved_c10counter 5.5
00:04:00:000 arrived_c3counter 12.75
00:04:00:000 solved_c3counter 12.5
00:04:00:000 arrived_c11counter 6.25
00:04:00:000 solved_c11counter 6.25
00:04:00:000 arrived_c5counter 13.5
00:04:00:000 solved_c5counter 13.5
00:04:00:000 arrived_c13counter 4.25
00:04:00:000 solved_c13counter 4.25
00:04:00:000 arrived_c16counter 8.25
00:04:00:000 solved_c16counter 8.25
00:04:00:000 arrived_c14counter 5.5
00:04:00:000 solved_c14counter 5.5
00:04:00:000 arrived_c4counter 7.5
00:04:00:000 solved_c4counter 7.5
00:04:00:000 arrived_c8counter 8
00:04:00:000 solved_c8counter 8
00:04:00:000 arrived_c9counter 77.5
00:04:00:000 solved_c9counter 77
00:04:00:000 arrived_c15counter 3.25
00:04:00:000 solved_c15counter 3.25
00:05:00:000 arrived_bigcounter 105
00:05:00:000 solved_bigcounter 86.8
00:05:00:000 qty_cons_sunnyside_a 26
00:05:00:000 qty_cons_acum_sunnyside_a 130
00:05:00:000 qty_cons_colonel_b 8
00:05:00:000 qty_cons_acum_colonel_b 40
00:05:00:000 qty_cons_colonel_a1 3.8
00:05:00:000 qty_cons_acum_colonel_a1 19
00:05:00:000 qty_cons_bronson_a1 5
00:05:00:000 qty_cons_acum_bronson_a1 25
00:05:00:000 qty_cons_bronson_b 44
00:05:00:000 qty_cons_acum_bronson_b 220
00:05:00:000 arrived_c1counter 29.4
00:05:00:000 solved_c1counter 29.4
00:05:00:000 arrived_c2counter 16.8
00:05:00:000 solved_c2counter 16.8
00:05:00:000 arrived_c6counter 12
00:05:00:000 solved_c6counter 12
00:05:00:000 arrived_c7counter 10.6
00:05:00:000 solved_c7counter 10.4
00:05:00:000 arrived_c12counter 12.6
00:05:00:000 solved_c12counter 12.6
00:05:00:000 arrived_c10counter 5.4
00:05:00:000 solved_c10counter 5.4
00:05:00:000 arrived_c3counter 11.8
00:05:00:000 solved_c3counter 11.8
00:05:00:000 arrived_c11counter 5
00:05:00:000 solved_c11counter 5
00:05:00:000 arrived_c5counter 11.4
00:05:00:000 solved_c5counter 11.4
00:05:00:000 arrived_c13counter 4.4
00:05:00:000 solved_c13counter 4.4
00:05:00:000 arrived_c16counter 7.4
00:05:00:000 solved_c16counter 7.4
00:05:00:000 arrived_c14counter 5.6
00:05:00:000 solved_c14counter 5.6
00:05:00:000 arrived_c4counter 6.2
00:05:00:000 solved_c4counter 6.2
00:05:00:000 arrived_c8counter 8.2
00:05:00:000 solved_c8counter 8.2
00:05:00:000 arrived_c9counter 78.2
00:05:00:000 solved_c9counter 78.2
00:05:00:000 arrived_c15counter 2.6
00:05:00:000 solved_c15counter 2.6
00:06:00:000 arrived_bigcounter 105
00:06:00:000 solved_bigcounter 87.6667
00:06:00:000 qty_cons_sunnyside_a 25.8333
00:06:00:000 qty_cons_acum_sunnyside_a 155
00:06:00:000 qty_cons_colonel_b 8.83333
00:06:00:000 qty_cons_acum_colonel_b 53
00:06:00:000 qty_cons_colonel_a1 3.5
00:06:00:000 qty_cons_acum_colonel_a1 21
00:06:00:000 qty_cons_bronson_a1 4.83333
00:06:00:000 qty_cons_acum_bronson_a1 29
00:06:00:000 qty_cons_bronson_b 44.6667
00:06:00:000 qty_cons_acum_bronson_b 268
00:06:00:000 arrived_c1counter 29.8333
00:06:00:000 solved_c1counter 29.8333
00:06:00:000 arrived_c2counter 16.3333
00:06:00:000 solved_c2counter 16.3333
00:06:00:000 arrived_c6counter 11.8333
00:06:00:000 solved_c6counter 11.8333
00:06:00:000 arrived_c7counter 11.3333
00:06:00:000 solved_c7counter 11.3333
00:06:00:000 arrived_c12counter 13.1667
00:06:00:000 solved_c12counter 13.1667
00:06:00:000 arrived_c10counter 5.16667
00:06:00:000 solved_c10counter 5.16667
00:06:00:000 arrived_c3counter 11.1667
00:06:00:000 solved_c3counter 11.1667
00:06:00:000 arrived_c11counter 5.33333
00:06:00:000 solved_c11counter 5.33333
00:06:00:000 arrived_c5counter 9.83333
00:06:00:000 solved_c5counter 9.83333
00:06:00:000 arrived_c13counter 3.83333
00:06:00:000 solved_c13counter 3.83333
00:06:00:000 arrived_c16counter 7.5
00:06:00:000 solved_c16counter 7.5
00:06:00:000 arrived_c14counter 5.83333
00:06:00:000 solved_c14counter 5.83333
00:06:00:000 arrived_c4counter 5.16667
00:06:00:000 solved_c4counter 5.16667
00:06:00:000 arrived_c8counter 7
00:06:00:000 solved_c8counter 7
00:06:00:000 arrived_c9counter 78.1667
00:06:00:000 solved_c9counter 78
00:06:00:000 arrived_c15counter 2.16667
00:06:00:000 solved_c15counter 2.16667
00:07:00:000 arrived_bigcounter 105
00:07:00:000 solved_bigcounter 88.1429
00:07:00:000 qty_cons_sunnyside_a 26.1429
00:07:00:000 qty_cons_acum_sunnyside_a 183
00:07:00:000 qty_cons_colonel_b 9.28571
00:07:00:000 qty_cons_acum_colonel_b 65
00:07:00:000 qty_cons_colonel_a1 3.42857
00:07:00:000 qty_cons_acum_colonel_a1 24
00:07:00:000 qty_cons_bronson_a1 4.42857
00:07:00:000 qty_cons_acum_bronson_a1 31
00:07:00:000 qty_cons_bronson_b 44.8571
00:07:00:000 qty_cons_acum_bronson_b 314
00:07:00:000 arrived_c1counter 30
00:07:00:000 solved_c1counter 30
00:07:00:000 arrived_c2counter 17.1429
00:07:00:000 solved_c2counter 17.1429
00:07:00:000 arrived_c6counter 12
00:07:00:000 solved_c6counter 12
00:07:00:000 arrived_c7counter 11
00:07:00:000 solved_c7counter 10.8571
00:07:00:000 arrived_c12counter 11.2857
00:07:00:000 solved_c12counter 11.2857
00:07:00:000 arrived_c10counter 4.71429
00:07:00:000 solved_c10counter 4.71429
00:07:00:000 arrived_c3counter 10.8571
00:07:00:000 solved_c3counter 10.8571
00:07:00:000 arrived_c11counter 4.71429
00:07:00:000 solved_c11counter 4.71429
00:07:00:000 arrived_c5counter 8.57143
00:07:00:000 solved_c5counter 8.57143
00:07:00:000 arrived_c13counter 3.42857
00:07:00:000 solved_c13counter 3.42857
00:07:00:000 arrived_c16counter 6.42857
00:07:00:000 solved_c16counter 6.42857
00:07:00:000 arrived_c14counter 5.42857
00:07:00:000 solved_c14counter 5.42857
00:07:00:000 arrived_c4counter 4.57143
00:07:00:000 solved_c4counter 4.57143
00:07:00:000 arrived_c8counter 6.14286
00:07:00:000 solved_c8counter 6.14286
00:07:00:000 arrived_c9counter 77.7143
00:07:00:000 solved_c9counter 77.7143
00:07:00:000 arrived_c15counter 1.85714
00:07:00:000 solved_c15counter 1.85714
00:08:00:000 arrived_bigcounter 105
00:08:00:000 solved_bigcounter 88.375
00:08:00:000 qty_cons_sunnyside_a 26.375
00:08:00:000 qty_cons_acum_sunnyside_a 211
00:08:00:000 qty_cons_colonel_b 9.5
00:08:00:000 qty_cons_acum_colonel_b 76
00:08:00:000 qty_cons_colonel_a1 3.375
00:08:00:000 qty_cons_acum_colonel_a1 27
00:08:00:000 qty_cons_bronson_a1 4
00:08:00:000 qty_cons_acum_bronson_a1 32
00:08:00:000 qty_cons_bronson_b 45.125
00:08:00:000 qty_cons_acum_bronson_b 361
00:08:00:000 arrived_c1counter 30.125
00:08:00:000 solved_c1counter 30.125
00:08:00:000 arrived_c2counter 16.875
00:08:00:000 solved_c2counter 16.875
00:08:00:000 arrived_c6counter 12
00:08:00:000 solved_c6counter 12
00:08:00:000 arrived_c7counter 11.25
00:08:00:000 solved_c7counter 11.25
00:08:00:000 arrived_c12counter 10.5
00:08:00:000 solved_c12counter 10.5
00:08:00:000 arrived_c10counter 5.375
00:08:00:000 solved_c10counter 5.25
00:08:00:000 arrived_c3counter 10.375
00:08:00:000 solved_c3counter 10.375
00:08:00:000 arrived_c11counter 5.125
00:08:00:000 solved_c11counter 5.125
00:08:00:000 arrived_c5counter 7.875
00:08:00:000 solved_c5counter 7.875
00:08:00:000 arrived_c13counter 3.125
00:08:00:000 solved_c13counter 3.125
00:08:00:000 arrived_c16counter 5.625
00:08:00:000 solved_c16counter 5.625
00:08:00:000 arrived_c14counter 5.125
00:08:00:000 solved_c14counter 5.125
00:08:00:000 arrived_c4counter 4
00:08:00:000 solved_c4counter 4
00:08:00:000 arrived_c8counter 5.625
00:08:00:000 solved_c8counter 5.625
00:08:00:000 arrived_c9counter 77.5
00:08:00:000 solved_c9counter 77.375
00:08:00:000 arrived_c15counter 1.625
00:08:00:000 solved_c15counter 1.625
00:09:00:000 arrived_bigcounter 105
00:09:00:000 solved_bigcounter 89
00:09:00:000 qty_cons_sunnyside_a 26.6667
00:09:00:000 qty_cons_acum_sunnyside_a 240
00:09:00:000 qty_cons_colonel_b 9.88889
00:09:00:000 qty_cons_acum_colonel_b 89
00:09:00:000 qty_cons_colonel_a1 3.44444
00:09:00:000 qty_cons_acum_colonel_a1 31
00:09:00:000 qty_cons_bronson_a1 4
00:09:00:000 qty_cons_acum_bronson_a1 36
00:09:00:000 qty_cons_bronson_b 45
00:09:00:000 qty_cons_acum_bronson_b 405
00:09:00:000 arrived_c1counter 30.3333
00:09:00:000 solved_c1counter 30.3333
00:09:00:000 arrived_c2counter 16.8889
00:09:00:000 solved_c2counter 16.8889
00:09:00:000 arrived_c6counter 11.8889
00:09:00:000 solved_c6counter 11.8889
00:09:00:000 arrived_c7counter 11.3333
00:09:00:000 solved_c7counter 11.3333
00:09:00:000 arrived_c12counter 9.77778
00:09:00:000 solved_c12counter 9.77778
00:09:00:000 arrived_c10counter 6
00:09:00:000 solved_c10counter 6
00:09:00:000 arrived_c3counter 10.1111
00:09:00:000 solved_c3counter 10.1111
00:09:00:000 arrived_c11counter 5.66667
00:09:00:000 solved_c11counter 5.66667
00:09:00:000 arrived_c5counter 7.11111
00:09:00:000 solved_c5counter 7.11111
00:09:00:000 arrived_c13counter 3.22222
00:09:00:000 solved_c13counter 3.22222
00:09:00:000 arrived_c16counter 5.11111
00:09:00:000 solved_c16counter 5.11111
00:09:00:000 arrived_c14counter 4.88889
00:09:00:000 solved_c14counter 4.88889
00:09:00:000 arrived_c4counter 3.55556
00:09:00:000 solved_c4counter 3.55556
00:09:00:000 arrived_c8counter 5.66667
00:09:00:000 solved_c8counter 5.66667
00:09:00:000 arrived_c9counter 77.6667
00:09:00:000 solved_c9counter 77.6667
00:09:00:000 arrived_c15counter 1.44444
00:09:00:000 solved_c15counter 1.44444
00:10:00:000 arrived_bigcounter 105
00:10:00:000 solved_bigcounter 89.1
00:10:00:000 qty_cons_sunnyside_a 27.2
00:10:00:000 qty_cons_acum_sunnyside_a 272
00:10:00:000 qty_cons_colonel_b 10.1
00:10:00:000 qty_cons_acum_colonel_b 101
00:10:00:000 qty_cons_colonel_a1 3.3
00:10:00:000 qty_cons_acum_colonel_a1 33
00:10:00:000 qty_cons_bronson_a1 3.8
00:10:00:000 qty_cons_acum_bronson_a1 38
00:10:00:000 qty_cons_bronson_b 44.7
00:10:00:000 qty_cons_acum_bronson_b 447
00:10:00:000 arrived_c1counter 30.4
00:10:00:000 solved_c1counter 30.4
00:10:00:000 arrived_c2counter 16.9
00:10:00:000 solved_c2counter 16.9
00:10:00:000 arrived_c6counter 12.2
00:10:00:000 solved_c6counter 12.2
00:10:00:000 arrived_c7counter 11.4
00:10:00:000 solved_c7counter 11.4
00:10:00:000 arrived_c12counter 10
00:10:00:000 solved_c12counter 10
00:10:00:000 arrived_c10counter 6.6
00:10:00:000 solved_c10counter 6.6
00:10:00:000 arrived_c3counter 9.3
00:10:00:000 solved_c3counter 9.2
00:10:00:000 arrived_c11counter 6.4
00:10:00:000 solved_c11counter 6.4
00:10:00:000 arrived_c5counter 6.7
00:10:00:000 solved_c5counter 6.7
00:10:00:000 arrived_c13counter 3
00:10:00:000 solved_c13counter 3
00:10:00:000 arrived_c16counter 4.8
00:10:00:000 solved_c16counter 4.8
00:10:00:000 arrived_c14counter 4.4
00:10:00:000 solved_c14counter 4.4
00:10:00:000 arrived_c4counter 3.3
00:10:00:000 solved_c4counter 3.3
00:10:00:000 arrived_c8counter 5.5
00:10:00:000 solved_c8counter 5.5
00:10:00:000 arrived_c9counter 77.7
00:10:00:000 solved_c9counter 77.6
00:10:00:000 arrived_c15counter 1.3
00:10:00:000 solved_c15counter 1.3
