00:01:00:000 arrived_bigcounter 105
00:01:00:000 solved_bigcounter 53
00:01:00:000 qty_cons_sunnyside_a 15
00:01:00:000 qty_cons_acum_sunnyside_a 15
00:01:00:000 qty_cons_colonel_b 0
00:01:00:000 qty_cons_acum_colonel_b 0
00:01:00:000 qty_cons_colonel_a1 3
00:01:00:000 qty_cons_acum_colonel_a1 3
00:01:00:000 qty_cons_bronson_a1 0
00:01:00:000 qty_cons_acum_bronson_a1 0
00:01:00:000 qty_cons_bronson_b 35
00:01:00:000 qty_cons_acum_bronson_b 35
00:01:00:000 arrived_c1counter 24
00:01:00:000 solved_c1counter 24
00:01:00:000 arrived_c2counter 17
00:01:00:000 solved_c2counter 16
00:01:00:000 arrived_c6counter 9
00:01:00:000 solved_c6counter 9
00:01:00:000 arrived_c7counter 5
00:01:00:000 solved_c7counter 5
00:01:00:000 arrived_c12counter 3
00:01:00:000 solved_c12counter 3
00:01:00:000 arrived_c10counter 2
00:01:00:000 solved_c10counter 2
00:01:00:000 arrived_c3counter 3
00:01:00:000 solved_c3counter 3
00:01:00:000 arrived_c11counter 2
00:01:00:000 solved_c11counter 2
00:01:00:000 arrived_c5counter 4
00:01:00:000 solved_c5counter 4
00:01:00:000 arrived_c13counter 1
00:01:00:000 solved_c13counter 1
00:01:00:000 arrived_c16counter 1
00:01:00:000 solved_c16counter 1
00:01:00:000 arrived_c14counter 0
00:01:00:000 solved_c14counter 0
00:01:00:000 arrived_c4counter 2
00:01:00:000 solved_c4counter 2
00:01:00:000 arrived_c8counter 2
00:01:00:000 solved_c8counter 1
00:01:00:000 arrived_c9counter 54
00:01:00:000 solved_c9counter 53
00:01:00:000 arrived_c15counter 0
00:01:00:000 solved_c15counter 0
00:02:00:000 arrived_bigcounter 99
00:02:00:000 solved_bigcounter 63.5
00:02:00:000 qty_cons_sunnyside_a 18
00:02:00:000 qty_cons_acum_sunnyside_a 36
00:02:00:000 qty_cons_colonel_b 3.5
00:02:00:000 qty_cons_acum_colonel_b 7
00:02:00:000 qty_cons_colonel_a1 3.5
00:02:00:000 qty_cons_acum_colonel_a1 7
00:02:00:000 qty_cons_bronson_a1 1.5
00:02:00:000 qty_cons_acum_bronson_a1 3
00:02:00:000 qty_cons_bronson_b 37
00:02:00:000 qty_cons_acum_bronson_b 74
00:02:00:000 arrived_c1counter 28
00:02:00:000 solved_c1counter 28
00:02:00:000 arrived_c2counter 16.5
00:02:00:000 solved_c2counter 16.5
00:02:00:000 arrived_c6counter 9.5
00:02:00:000 solved_c6counter 9.5
00:02:00:000 arrived_c7counter 7
00:02:00:000 solved_c7counter 7
00:02:00:000 arrived_c12counter 10
00:02:00:000 solved_c12counter 10
00:02:00:000 arrived_c10counter 3.5
00:02:00:000 solved_c10counter 3.5
00:02:00:000 arrived_c3counter 7
00:02:00:000 solved_c3counter 7
00:02:00:000 arrived_c11counter 3.5
00:02:00:000 solved_c11counter 3.5
00:02:00:000 arrived_c5counter 8
00:02:00:000 solved_c5counter 8
00:02:00:000 arrived_c13counter 2.5
00:02:00:000 solved_c13counter 2.5
00:02:00:000 arrived_c16counter 5
00:02:00:000 solved_c16counter 5
00:02:00:000 arrived_c14counter 1.5
00:02:00:000 solved_c14counter 1.5
00:02:00:000 arrived_c4counter 3.5
00:02:00:000 solved_c4counter 3.5
00:02:00:000 arrived_c8counter 3.5
00:02:00:000 solved_c8counter 3.5
00:02:00:000 arrived_c9counter 58.5
00:02:00:000 solved_c9counter 58
00:02:00:000 arrived_c15counter 0.5
00:02:00:000 solved_c15counter 0.5
00:03:00:000 arrived_bigcounter 96
00:03:00:000 solved_bigcounter 69.3333
00:03:00:000 qty_cons_sunnyside_a 18.6667
00:03:00:000 qty_cons_acum_sunnyside_a 56
00:03:00:000 qty_cons_colonel_b 7
00:03:00:000 qty_cons_acum_colonel_b 21
00:03:00:000 qty_cons_colonel_a1 3.66667
00:03:00:000 qty_cons_acum_colonel_a1 11
00:03:00:000 qty_cons_bronson_a1 2
00:03:00:000 qty_cons_acum_bronson_a1 6
00:03:00:000 qty_cons_bronson_b 38
00:03:00:000 qty_cons_acum_bronson_b 114
00:03:00:000 arrived_c1counter 29.6667
00:03:00:000 solved_c1counter 29.3333
00:03:00:000 arrived_c2counter 17.3333
00:03:00:000 solved_c2counter 17.3333
00:03:00:000 arrived_c6counter 12
00:03:00:000 solved_c6counter 12
00:03:00:000 arrived_c7counter 9.33333
00:03:00:000 solved_c7counter 9
00:03:00:000 arrived_c12counter 12.6667
00:03:00:000 solved_c12counter 12.6667
00:03:00:000 arrived_c10counter 4.66667
00:03:00:000 solved_c10counter 4.66667
00:03:00:000 arrived_c3counter 6.66667
00:03:00:000 solved_c3counter 6.66667
00:03:00:000 arrived_c11counter 5
00:03:00:000 solved_c11counter 5
00:03:00:000 arrived_c5counter 8.66667
00:03:00:000 solved_c5counter 8.66667
00:03:00:000 arrived_c13counter 3.33333
00:03:00:000 solved_c13counter 3.33333
00:03:00:000 arrived_c16counter 6.66667
00:03:00:000 solved_c16counter 6.66667
00:03:00:000 arrived_c14counter 1.66667
00:03:00:000 solved_c14counter 1.66667
00:03:00:000 arrived_c4counter 5
00:03:00:000 solved_c4counter 5
00:03:00:000 arrived_c8counter 5.66667
00:03:00:000 solved_c8counter 5.66667
00:03:00:000 arrived_c9counter 60.3333
00:03:00:000 solved_c9counter 60.3333
00:03:00:000 arrived_c15counter 2
00:03:00:000 solved_c15counter 2
00:04:00:000 arrived_bigcounter 94.5
00:04:00:000 solved_bigcounter 71.5
00:04:00:000 qty_cons_sunnyside_a 19
00:04:00:000 qty_cons_acum_sunnyside_a 76
00:04:00:000 qty_cons_colonel_b 8
00:04:00:000 qty_cons_acum_colonel_b 32
00:04:00:000 qty_cons_colonel_a1 3.75
00:04:00:000 qty_cons_acum_colonel_a1 15
00:04:00:000 qty_cons_bronson_a1 3
00:04:00:000 qty_cons_acum_bronson_a1 12
00:04:00:000 qty_cons_bronson_b 37.75
00:04:00:000 qty_cons_acum_bronson_b 151
00:04:00:000 arrived_c1counter 30
00:04:00:000 solved_c1counter 29.75
00:04:00:000 arrived_c2counter 16.75
00:04:00:000 solved_c2counter 16.75
00:04:00:000 arrived_c6counter 12.5
00:04:00:000 solved_c6counter 12.5
00:04:00:000 arrived_c7counter 10.25
00:04:00:000 solved_c7counter 10.25
00:04:00:000 arrived_c12counter 14
00:04:00:000 solved_c12counter 13.75
00:04:00:000 arrived_c10counter 4.75
00:04:00:000 solved_c10counter 4.75
00:04:00:000 arrived_c3counter 7
00:04:00:000 solved_c3counter 6.75
00:04:00:000 arrived_c11counter 5.5
00:04:00:000 solved_c11counter 5.5
00:04:00:000 arrived_c5counter 7.5
00:04:00:000 solved_c5counter 7.5
00:04:00:000 arrived_c13counter 3.75
00:04:00:000 solved_c13counter 3.75
00:04:00:000 arrived_c16counter 6.5
00:04:00:000 solved_c16counter 6.5
00:04:00:000 arrived_c14counter 2.5
00:04:00:000 solved_c14counter 2.5
00:04:00:000 arrived_c4counter 5.5
00:04:00:000 solved_c4counter 5.5
00:04:00:000 arrived_c8counter 6.25
00:04:00:000 solved_c8counter 6.25
00:04:00:000 arrived_c9counter 62.5
00:04:00:000 solved_c9counter 62.25
00:04:00:000 arrived_c15counter 2.5
00:04:00:000 solved_c15counter 2.5
00:05:00:000 arrived_bigcounter 93.6
00:05:00:000 solved_bigcounter 74
00:05:00:000 qty_cons_sunnyside_a 19.2
00:05:00:000 qty_cons_acum_sunnyside_a 96
00:05:00:000 qty_cons_colonel_b 9.6
00:05:00:000 qty_cons_acum_colonel_b 48
00:05:00:000 qty_cons_colonel_a1 3.6
00:05:00:000 qty_cons_acum_colonel_a1 18
00:05:00:000 qty_cons_bronson_a1 3.6
00:05:00:000 qty_cons_acum_bronson_a1 18
00:05:00:000 qty_cons_bronson_b 38
00:05:00:000 qty_cons_acum_bronson_b 190
00:05:00:000 arrived_c1counter 30.2
00:05:00:000 solved_c1counter 30.2
00:05:00:000 arrived_c2counter 16.4
00:05:00:000 solved_c2counter 16.4
00:05:00:000 arrived_c6counter 13
00:05:00:000 solved_c6counter 13
00:05:00:000 arrived_c7counter 11.4
00:05:00:000 solved_c7counter 11.4
00:05:00:000 arrived_c12counter 14.2
00:05:00:000 solved_c12counter 14.2
00:05:00:000 arrived_c10counter 4.8
00:05:00:000 solved_c10counter 4.8
00:05:00:000 arrived_c3counter 6
00:05:00:000 solved_c3counter 6
00:05:00:000 arrived_c11counter 5.8
00:05:00:000 solved_c11counter 5.6
00:05:00:000 arrived_c5counter 6.2
00:05:00:000 solved_c5counter 6.2
00:05:00:000 arrived_c13counter 3.4
00:05:00:000 solved_c13counter 3.4
00:05:00:000 arrived_c16counter 6.8
00:05:00:000 solved_c16counter 6.8
00:05:00:000 arrived_c14counter 2.2
00:05:00:000 solved_c14counter 2.2
00:05:00:000 arrived_c4counter 4.6
00:05:00:000 solved_c4counter 4.6
00:05:00:000 arrived_c8counter 5.8
00:05:00:000 solved_c8counter 5.8
00:05:00:000 arrived_c9counter 62.4
00:05:00:000 solved_c9counter 62
00:05:00:000 arrived_c15counter 2
00:05:00:000 solved_c15counter 2
00:06:00:000 arrived_bigcounter 93
00:06:00:000 solved_bigcounter 74.8333
00:06:00:000 qty_cons_sunnyside_a 18.6667
00:06:00:000 qty_cons_acum_sunnyside_a 112
00:06:00:000 qty_cons_colonel_b 10
00:06:00:000 qty_cons_acum_colonel_b 60
00:06:00:000 qty_cons_colonel_a1 3.16667
00:06:00:000 qty_cons_acum_colonel_a1 19
00:06:00:000 qty_cons_bronson_a1 3.66667
00:06:00:000 qty_cons_acum_bronson_a1 22
00:06:00:000 qty_cons_bronson_b 39.3333
00:06:00:000 qty_cons_acum_bronson_b 236
00:06:00:000 arrived_c1counter 30.3333
00:06:00:000 solved_c1counter 30.3333
00:06:00:000 arrived_c2counter 16.5
00:06:00:000 solved_c2counter 16.5
00:06:00:000 arrived_c6counter 13.3333
00:06:00:000 solved_c6counter 13.3333
00:06:00:000 arrived_c7counter 12.3333
00:06:00:000 solved_c7counter 12.3333
00:06:00:000 arrived_c12counter 14.5
00:06:00:000 solved_c12counter 14.5
00:06:00:000 arrived_c10counter 5.83333
00:06:00:000 solved_c10counter 5.83333
00:06:00:000 arrived_c3counter 5.16667
00:06:00:000 solved_c3counter 5.16667
00:06:00:000 arrived_c11counter 6.16667
00:06:00:000 solved_c11counter 6.16667
00:06:00:000 arrived_c5counter 5.5
00:06:00:000 solved_c5counter 5.5
00:06:00:000 arrived_c13counter 3.5
00:06:00:000 solved_c13counter 3.5
00:06:00:000 arrived_c16counter 6.83333
00:06:00:000 solved_c16counter 6.83333
00:06:00:000 arrived_c14counter 1.83333
00:06:00:000 solved_c14counter 1.83333
00:06:00:000 arrived_c4counter 4
00:06:00:000 solved_c4counter 4
00:06:00:000 arrived_c8counter 5.83333
00:06:00:000 solved_c8counter 5.83333
00:06:00:000 arrived_c9counter 62.8333
00:06:00:000 solved_c9counter 63.1667
00:06:00:000 arrived_c15counter 1.66667
00:06:00:000 solved_c15counter 1.66667
00:07:00:000 arrived_bigcounter 92.5714
00:07:00:000 solved_bigcounter 75.2857
00:07:00:000 qty_cons_sunnyside_a 19.1429
00:07:00:000 qty_cons_acum_sunnyside_a 134
00:07:00:000 qty_cons_colonel_b 10.2857
00:07:00:000 qty_cons_acum_colonel_b 72
00:07:00:000 qty_cons_colonel_a1 3.28571
00:07:00:000 qty_cons_acum_colonel_a1 23
00:07:00:000 qty_cons_bronson_a1 3.71429
00:07:00:000 qty_cons_acum_bronson_a1 26
00:07:00:000 qty_cons_bronson_b 38.8571
00:07:00:000 qty_cons_acum_bronson_b 272
00:07:00:000 arrived_c1counter 30.2857
00:07:00:000 solved_c1counter 30.2857
00:07:00:000 arrived_c2counter 16.7143
00:07:00:000 solved_c2counter 16.7143
00:07:00:000 arrived_c6counter 13.4286
00:07:00:000 solved_c6counter 13.4286
00:07:00:000 arrived_c7counter 12.1429
00:07:00:000 solved_c7counter 12.1429
00:07:00:000 arrived_c12counter 14.1429
00:07:00:000 solved_c12counter 14.1429
00:07:00:000 arrived_c10counter 5
00:07:00:000 solved_c10counter 5
00:07:00:000 arrived_c3counter 4.85714
00:07:00:000 solved_c3counter 4.85714
00:07:00:000 arrived_c11counter 5.57143
00:07:00:000 solved_c11counter 5.42857
00:07:00:000 arrived_c5counter 5.14286
00:07:00:000 solved_c5counter 5.14286
00:07:00:000 arrived_c13counter 3
00:07:00:000 solved_c13counter 3
00:07:00:000 arrived_c16counter 7.28571
00:07:00:000 solved_c16counter 7.28571
00:07:00:000 arrived_c14counter 1.57143
00:07:00:000 solved_c14counter 1.57143
00:07:00:000 arrived_c4counter 3.57143
00:07:00:000 solved_c4counter 3.57143
00:07:00:000 arrived_c8counter 5.57143
00:07:00:000 solved_c8counter 5.57143
00:07:00:000 arrived_c9counter 63
00:07:00:000 solved_c9counter 63.4286
00:07:00:000 arrived_c15counter 1.42857
00:07:00:000 solved_c15counter 1.42857
00:08:00:000 arrived_bigcounter 92.25
00:08:00:000 solved_bigcounter 75
00:08:00:000 qty_cons_sunnyside_a 19.25
00:08:00:000 qty_cons_acum_sunnyside_a 154
00:08:00:000 qty_cons_colonel_b 10.375
00:08:00:000 qty_cons_acum_colonel_b 83
00:08:00:000 qty_cons_colonel_a1 2.875
00:08:00:000 qty_cons_acum_colonel_a1 23
00:08:00:000 qty_cons_bronson_a1 3.5
00:08:00:000 qty_cons_acum_bronson_a1 28
00:08:00:000 qty_cons_bronson_b 39
00:08:00:000 qty_cons_acum_bronson_b 312
00:08:00:000 arrived_c1counter 30.875
00:08:00:000 solved_c1counter 30.875
00:08:00:000 arrived_c2counter 18.125
00:08:00:000 solved_c2counter 18.125
00:08:00:000 arrived_c6counter 14
00:08:00:000 solved_c6counter 14
00:08:00:000 arrived_c7counter 12
00:08:00:000 solved_c7counter 12
00:08:00:000 arrived_c12counter 13.625
00:08:00:000 solved_c12counter 13.5
00:08:00:000 arrived_c10counter 4.875
00:08:00:000 solved_c10counter 4.75
00:08:00:000 arrived_c3counter 5.5
00:08:00:000 solved_c3counter 5.5
00:08:00:000 arrived_c11counter 5.25
00:08:00:000 solved_c11counter 5.25
00:08:00:000 arrived_c5counter 5.125
00:08:00:000 solved_c5counter 5.125
00:08:00:000 arrived_c13counter 2.875
00:08:00:000 solved_c13counter 2.875
00:08:00:000 arrived_c16counter 7.125
00:08:00:000 solved_c16counter 7.125
00:08:00:000 arrived_c14counter 1.625
00:08:00:000 solved_c14counter 1.625
00:08:00:000 arrived_c4counter 3.25
00:08:00:000 solved_c4counter 3.25
00:08:00:000 arrived_c8counter 5.375
00:08:00:000 solved_c8counter 5.375
00:08:00:000 arrived_c9counter 63
00:08:00:000 solved_c9counter 63.125
00:08:00:000 arrived_c15counter 1.25
00:08:00:000 solved_c15counter 1.25
00:09:00:000 arrived_bigcounter 92.2222
00:09:00:000 solved_bigcounter 75.1111
00:09:00:000 qty_cons_sunnyside_a 19.5556
00:09:00:000 qty_cons_acum_sunnyside_a 176
00:09:00:000 qty_cons_colonel_b 10.3333
00:09:00:000 qty_cons_acum_colonel_b 93
00:09:00:000 qty_cons_colonel_a1 2.77778
00:09:00:000 qty_cons_acum_colonel_a1 25
00:09:00:000 qty_cons_bronson_a1 3.55556
00:09:00:000 qty_cons_acum_bronson_a1 32
00:09:00:000 qty_cons_bronson_b 38.8889
00:09:00:000 qty_cons_acum_bronson_b 350
00:09:00:000 arrived_c1counter 31
00:09:00:000 solved_c1counter 31
00:09:00:000 arrived_c2counter 18
00:09:00:000 solved_c2counter 18
00:09:00:000 arrived_c6counter 13.6667
00:09:00:000 solved_c6counter 13.6667
00:09:00:000 arrived_c7counter 11.7778
00:09:00:000 solved_c7counter 11.7778
00:09:00:000 arrived_c12counter 13.5556
00:09:00:000 solved_c12counter 13.5556
00:09:00:000 arrived_c10counter 4.77778
00:09:00:000 solved_c10counter 4.77778
00:09:00:000 arrived_c3counter 6.55556
00:09:00:000 solved_c3counter 6.55556
00:09:00:000 arrived_c11counter 5.22222
00:09:00:000 solved_c11counter 5.22222
00:09:00:000 arrived_c5counter 5.77778
00:09:00:000 solved_c5counter 5.77778
00:09:00:000 arrived_c13counter 2.88889
00:09:00:000 solved_c13counter 2.88889
00:09:00:000 arrived_c16counter 7.44444
00:09:00:000 solved_c16counter 7.33333
00:09:00:000 arrived_c14counter 1.66667
00:09:00:000 solved_c14counter 1.66667
00:09:00:000 arrived_c4counter 2.88889
00:09:00:000 solved_c4counter 2.88889
00:09:00:000 arrived_c8counter 5.11111
00:09:00:000 solved_c8counter 5.11111
00:09:00:000 arrived_c9counter 63.2222
00:09:00:000 solved_c9counter 63.3333
00:09:00:000 arrived_c15counter 1.11111
00:09:00:000 solved_c15counter 1.11111
00:10:00:000 arrived_bigcounter 92
00:10:00:000 solved_bigcounter 75.2
00:10:00:000 qty_cons_sunnyside_a 19.5
00:10:00:000 qty_cons_acum_sunnyside_a 195
00:10:00:000 qty_cons_colonel_b 10.4
00:10:00:000 qty_cons_acum_colonel_b 104
00:10:00:000 qty_cons_colonel_a1 3.1
00:10:00:000 qty_cons_acum_colonel_a1 31
00:10:00:000 qty_cons_bronson_a1 3.3
00:10:00:000 qty_cons_acum_bronson_a1 33
00:10:00:000 qty_cons_bronson_b 38.9
00:10:00:000 qty_cons_acum_bronson_b 389
00:10:00:000 arrived_c1counter 31.1
00:10:00:000 solved_c1counter 31
00:10:00:000 arrived_c2counter 17.8
00:10:00:000 solved_c2counter 17.8
00:10:00:000 arrived_c6counter 13.4
00:10:00:000 solved_c6counter 13.4
00:10:00:000 arrived_c7counter 12.1
00:10:00:000 solved_c7counter 12.1
00:10:00:000 arrived_c12counter 13.5
00:10:00:000 solved_c12counter 13.5
00:10:00:000 arrived_c10counter 5.3
00:10:00:000 solved_c10counter 5.3
00:10:00:000 arrived_c3counter 5.9
00:10:00:000 solved_c3counter 5.9
00:10:00:000 arrived_c11counter 5.7
00:10:00:000 solved_c11counter 5.7
00:10:00:000 arrived_c5counter 5.3
00:10:00:000 solved_c5counter 5.3
00:10:00:000 arrived_c13counter 2.9
00:10:00:000 solved_c13counter 2.9
00:10:00:000 arrived_c16counter 6.7
00:10:00:000 solved_c16counter 6.6
00:10:00:000 arrived_c14counter 1.6
00:10:00:000 solved_c14counter 1.6
00:10:00:000 arrived_c4counter 2.8
00:10:00:000 solved_c4counter 2.8
00:10:00:000 arrived_c8counter 5.4
00:10:00:000 solved_c8counter 5.4
00:10:00:000 arrived_c9counter 63.4
00:10:00:000 solved_c9counter 63.6
00:10:00:000 arrived_c15counter 1
00:10:00:000 solved_c15counter 1
