00:01:00:000 arrived_bigcounter 105
00:01:00:000 solved_bigcounter 62
00:01:00:000 qty_cons_sunnyside_a 23
00:01:00:000 qty_cons_acum_sunnyside_a 23
00:01:00:000 qty_cons_colonel_b 0
00:01:00:000 qty_cons_acum_colonel_b 0
00:01:00:000 qty_cons_colonel_a1 1
00:01:00:000 qty_cons_acum_colonel_a1 1
00:01:00:000 qty_cons_bronson_a1 0
00:01:00:000 qty_cons_acum_bronson_a1 0
00:01:00:000 qty_cons_bronson_b 38
00:01:00:000 qty_cons_acum_bronson_b 38
00:01:00:000 arrived_c1counter 25
00:01:00:000 solved_c1counter 24
00:01:00:000 arrived_c2counter 17
00:01:00:000 solved_c2counter 17
00:01:00:000 arrived_c6counter 8
00:01:00:000 solved_c6counter 8
00:01:00:000 arrived_c7counter 6
00:01:00:000 solved_c7counter 6
00:01:00:000 arrived_c12counter 5
00:01:00:000 solved_c12counter 4
00:01:00:000 arrived_c10counter 2
00:01:00:000 solved_c10counter 2
00:01:00:000 arrived_c3counter 1
00:01:00:000 solved_c3counter 1
00:01:00:000 arrived_c11counter 2
00:01:00:000 solved_c11counter 2
00:01:00:000 arrived_c5counter 1
00:01:00:000 solved_c5counter 1
00:01:00:000 arrived_c13counter 1
00:01:00:000 solved_c13counter 1
00:01:00:000 arrived_c16counter 0
00:01:00:000 solved_c16counter 0
00:01:00:000 arrived_c14counter 0
00:01:00:000 solved_c14counter 0
00:01:00:000 arrived_c4counter 1
00:01:00:000 solved_c4counter 1
00:01:00:000 arrived_c8counter 0
00:01:00:000 solved_c8counter 0
00:01:00:000 arrived_c9counter 66
00:01:00:000 solved_c9counter 66
00:01:00:000 arrived_c15counter 0
00:01:00:000 solved_c15counter 0
00:02:00:000 arrived_bigcounter 105
00:02:00:000 solved_bigcounter 74.5
00:02:00:000 qty_cons_sunnyside_a 23
00:02:00:000 qty_cons_acum_sunnyside_a 46
00:02:00:000 qty_cons_colonel_b 4.5
00:02:00:000 qty_cons_acum_colonel_b 9
00:02:00:000 qty_cons_colonel_a1 2.5
00:02:00:000 qty_cons_acum_colonel_a1 5
00:02:00:000 qty_cons_bronson_a1 1
00:02:00:000 qty_cons_acum_bronson_a1 2
00:02:00:000 qty_cons_bronson_b 43.5
00:02:00:000 qty_cons_acum_bronson_b 87
00:02:00:000 arrived_c1counter 28.5
00:02:00:000 solved_c1counter 27.5
00:02:00:000 arrived_c2counter 15.5
00:02:00:000 solved_c2counter 15.5
00:02:00:000 arrived_c6counter 10.5
00:02:00:000 solved_c6counter 10.5
00:02:00:000 arrived_c7counter 7
00:02:00:000 solved_c7counter 7
00:02:00:000 arrived_c12counter 11
00:02:00:000 solved_c12counter 11
00:02:00:000 arrived_c10counter 3
00:02:00:000 solved_c10counter 3
00:02:00:000 arrived_c3counter 5.5
00:02:00:000 solved_c3counter 5.5
00:02:00:000 arrived_c11counter 2.5
00:02:00:000 solved_c11counter 2.5
00:02:00:000 arrived_c5counter 6
00:02:00:000 solved_c5counter 6
00:02:00:000 arrived_c13counter 1.5
00:02:00:000 solved_c13counter 1.5
00:02:00:000 arrived_c16counter 6
00:02:00:000 solved_c16counter 6
00:02:00:000 arrived_c14counter 1.5
00:02:00:000 solved_c14counter 1.5
00:02:00:000 arrived_c4counter 5.5
00:02:00:000 solved_c4counter 5.5
00:02:00:000 arrived_c8counter 4
00:02:00:000 solved_c8counter 4
00:02:00:000 arrived_c9counter 72
00:02:00:000 solved_c9counter 71.5
00:02:00:000 arrived_c15counter 2.5
00:02:00:000 solved_c15counter 2.5
00:03:00:000 arrived_bigcounter 105
00:03:00:000 solved_bigcounter 77.6667
00:03:00:000 qty_cons_sunnyside_a 22.6667
00:03:00:000 qty_cons_acum_sunnyside_a 68
00:03:00:000 qty_cons_colonel_b 7.66667
00:03:00:000 qty_cons_acum_colonel_b 23
00:03:00:000 qty_cons_colonel_a1 2.66667
00:03:00:000 qty_cons_acum_colonel_a1 8
00:03:00:000 qty_cons_bronson_a1 2.66667
00:03:00:000 qty_cons_acum_bronson_a1 8
00:03:00:000 qty_cons_bronson_b 42
00:03:00:000 qty_cons_acum_bronson_b 126
00:03:00:000 arrived_c1counter 30
00:03:00:000 solved_c1counter 29.6667
00:03:00:000 arrived_c2counter 18
00:03:00:000 solved_c2counter 18
00:03:00:000 arrived_c6counter 12.3333
00:03:00:000 solved_c6counter 12.3333
00:03:00:000 arrived_c7counter 7.66667
00:03:00:000 solved_c7counter 7.66667
00:03:00:000 arrived_c12counter 10.6667
00:03:00:000 solved_c12counter 10.6667
00:03:00:000 arrived_c10counter 4
00:03:00:000 solved_c10counter 4
00:03:00:000 arrived_c3counter 7.33333
00:03:00:000 solved_c3counter 7.33333
00:03:00:000 arrived_c11counter 4
00:03:00:000 solved_c11counter 3.66667
00:03:00:000 arrived_c5counter 8.33333
00:03:00:000 solved_c5counter 8.33333
00:03:00:000 arrived_c13counter 3.33333
00:03:00:000 solved_c13counter 3.33333
00:03:00:000 arrived_c16counter 4
00:03:00:000 solved_c16counter 4
00:03:00:000 arrived_c14counter 1.66667
00:03:00:000 solved_c14counter 1.66667
00:03:00:000 arrived_c4counter 5.33333
00:03:00:000 solved_c4counter 5.33333
00:03:00:000 arrived_c8counter 5.66667
00:03:00:000 solved_c8counter 5.66667
00:03:00:000 arrived_c9counter 70
00:03:00:000 solved_c9counter 70
00:03:00:000 arrived_c15counter 2.33333
00:03:00:000 solved_c15counter 2.33333
00:04:00:000 arrived_bigcounter 101.25
00:04:00:000 solved_bigcounter 79.5
00:04:00:000 qty_cons_sunnyside_a 21.25
00:04:00:000 qty_cons_acum_sunnyside_a 85
00:04:00:000 qty_cons_colonel_b 8.5
00:04:00:000 qty_cons_acum_colonel_b 34
00:04:00:000 qty_cons_colonel_a1 3.75
00:04:00:000 qty_cons_acum_colonel_a1 15
00:04:00:000 qty_cons_bronson_a1 4
00:04:00:000 qty_cons_acum_bronson_a1 16
00:04:00:000 qty_cons_bronson_b 42
00:04:00:000 qty_cons_acum_bronson_b 168
00:04:00:000 arrived_c1counter 30.75
00:04:00:000 solved_c1counter 30.25
00:04:00:000 arrived_c2counter 18
00:04:00:000 solved_c2counter 18
00:04:00:000 arrived_c6counter 12.25
00:04:00:000 solved_c6counter 12.25
00:04:00:000 arrived_c7counter 8.75
00:04:00:000 solved_c7counter 8.75
00:04:00:000 arrived_c12counter 10.75
00:04:00:000 solved_c12counter 10.75
00:04:00:000 arrived_c10counter 6
00:04:00:000 solved_c10counter 6
00:04:00:000 arrived_c3counter 7.75
00:04:00:000 solved_c3counter 7.5
00:04:00:000 arrived_c11counter 5.25
00:04:00:000 solved_c11counter 5.25
00:04:00:000 arrived_c5counter 9.75
00:04:00:000 solved_c5counter 9.75
00:04:00:000 arrived_c13counter 5
00:04:00:000 solved_c13counter 5
00:04:00:000 arrived_c16counter 3
00:04:00:000 solved_c16counter 3
00:04:00:000 arrived_c14counter 2
00:04:00:000 solved_c14counter 2
00:04:00:000 arrived_c4counter 8.25
00:04:00:000 solved_c4counter 8.25
00:04:00:000 arrived_c8counter 7.75
00:04:00:000 solved_c8counter 7.75
00:04:00:000 arrived_c9counter 69.5
00:04:00:000 solved_c9counter 69.5
00:04:00:000 arrived_c15counter 3.25
00:04:00:000 solved_c15counter 3.25
00:05:00:000 arrived_bigcounter 99
00:05:00:000 solved_bigcounter 79.6
00:05:00:000 qty_cons_sunnyside_a 20.8
00:05:00:000 qty_cons_acum_sunnyside_a 104
00:05:00:000 qty_cons_colonel_b 8.6
00:05:00:000 qty_cons_acum_colonel_b 43
00:05:00:000 qty_cons_colonel_a1 3.8
00:05:00:000 qty_cons_acum_colonel_a1 19
00:05:00:000 qty_cons_bronson_a1 4.6
00:05:00:000 qty_cons_acum_bronson_a1 23
00:05:00:000 qty_cons_bronson_b 41.8
00:05:00:000 qty_cons_acum_bronson_b 209
00:05:00:000 arrived_c1counter 30.6
00:05:00:000 solved_c1counter 30.4
00:05:00:000 arrived_c2counter 17.8
00:05:00:000 solved_c2counter 17.6
00:05:00:000 arrived_c6counter 13.6
00:05:00:000 solved_c6counter 13.6
00:05:00:000 arrived_c7counter 9.8
00:05:00:000 solved_c7counter 9.8
00:05:00:000 arrived_c12counter 11.6
00:05:00:000 solved_c12counter 11.4
00:05:00:000 arrived_c10counter 6.4
00:05:00:000 solved_c10counter 6.4
00:05:00:000 arrived_c3counter 9
00:05:00:000 solved_c3counter 9
00:05:00:000 arrived_c11counter 6.4
00:05:00:000 solved_c11counter 6.2
00:05:00:000 arrived_c5counter 11
00:05:00:000 solved_c5counter 11
00:05:00:000 arrived_c13counter 5.4
00:05:00:000 solved_c13counter 5.2
00:05:00:000 arrived_c16counter 2.4
00:05:00:000 solved_c16counter 2.4
00:05:00:000 arrived_c14counter 3.4
00:05:00:000 solved_c14counter 3.4
00:05:00:000 arrived_c4counter 8
00:05:00:000 solved_c4counter 8
00:05:00:000 arrived_c8counter 8.4
00:05:00:000 solved_c8counter 8.4
00:05:00:000 arrived_c9counter 68.8
00:05:00:000 solved_c9counter 68.8
00:05:00:000 arrived_c15counter 2.6
00:05:00:000 solved_c15counter 2.6
00:06:00:000 arrived_bigcounter 97.5
00:06:00:000 solved_bigcounter 79.3333
00:06:00:000 qty_cons_sunnyside_a 21
00:06:00:000 qty_cons_acum_sunnyside_a 126
00:06:00:000 qty_cons_colonel_b 8.83333
00:06:00:000 qty_cons_acum_colonel_b 53
00:06:00:000 qty_cons_colonel_a1 3.5
00:06:00:000 qty_cons_acum_colonel_a1 21
00:06:00:000 qty_cons_bronson_a1 5
00:06:00:000 qty_cons_acum_bronson_a1 30
00:06:00:000 qty_cons_bronson_b 41
00:06:00:000 qty_cons_acum_bronson_b 246
00:06:00:000 arrived_c1counter 31
00:06:00:000 solved_c1counter 30.8333
00:06:00:000 arrived_c2counter 18.6667
00:06:00:000 solved_c2counter 18.6667
00:06:00:000 arrived_c6counter 13.5
00:06:00:000 solved_c6counter 13.5
00:06:00:000 arrived_c7counter 10.1667
00:06:00:000 solved_c7counter 10.1667
00:06:00:000 arrived_c12counter 10.5
00:06:00:000 solved_c12counter 10.5
00:06:00:000 arrived_c10counter 6.66667
00:06:00:000 solved_c10counter 6.66667
00:06:00:000 arrived_c3counter 10
00:06:00:000 solved_c3counter 10
00:06:00:000 arrived_c11counter 6.5
00:06:00:000 solved_c11counter 6.5
00:06:00:000 arrived_c5counter 10.6667
00:06:00:000 solved_c5counter 10.6667
00:06:00:000 arrived_c13counter 5.5
00:06:00:000 solved_c13counter 5.5
00:06:00:000 arrived_c16counter 2
00:06:00:000 solved_c16counter 2
00:06:00:000 arrived_c14counter 3.83333
00:06:00:000 solved_c14counter 3.83333
00:06:00:000 arrived_c4counter 8.16667
00:06:00:000 solved_c4counter 8.16667
00:06:00:000 arrived_c8counter 9
00:06:00:000 solved_c8counter 9
00:06:00:000 arrived_c9counter 68.5
00:06:00:000 solved_c9counter 68.5
00:06:00:000 arrived_c15counter 2.66667
00:06:00:000 solved_c15counter 2.66667
00:07:00:000 arrived_bigcounter 96.4286
00:07:00:000 solved_bigcounter 79.4286
00:07:00:000 qty_cons_sunnyside_a 20.2857
00:07:00:000 qty_cons_acum_sunnyside_a 142
00:07:00:000 qty_cons_colonel_b 9.42857
00:07:00:000 qty_cons_acum_colonel_b 66
00:07:00:000 qty_cons_colonel_a1 3.42857
00:07:00:000 qty_cons_acum_colonel_a1 24
00:07:00:000 qty_cons_bronson_a1 5
00:07:00:000 qty_cons_acum_bronson_a1 35
00:07:00:000 qty_cons_bronson_b 41.2857
00:07:00:000 qty_cons_acum_bronson_b 289
00:07:00:000 arrived_c1counter 31
00:07:00:000 solved_c1counter 30.8571
00:07:00:000 arrived_c2counter 18.4286
00:07:00:000 solved_c2counter 18.4286
00:07:00:000 arrived_c6counter 13.5714
00:07:00:000 solved_c6counter 13.5714
00:07:00:000 arrived_c7counter 9.85714
00:07:00:000 solved_c7counter 9.85714
00:07:00:000 arrived_c12counter 9.14286
00:07:00:000 solved_c12counter 9.14286
00:07:00:000 arrived_c10counter 6.42857
00:07:00:000 solved_c10counter 6.28571
00:07:00:000 arrived_c3counter 10.5714
00:07:00:000 solved_c3counter 10.5714
00:07:00:000 arrived_c11counter 5.71429
00:07:00:000 solved_c11counter 5.71429
00:07:00:000 arrived_c5counter 10.4286
00:07:00:000 solved_c5counter 10.4286
00:07:00:000 arrived_c13counter 5.85714
00:07:00:000 solved_c13counter 5.85714
00:07:00:000 arrived_c16counter 1.71429
00:07:00:000 solved_c16counter 1.71429
00:07:00:000 arrived_c14counter 4.28571
00:07:00:000 solved_c14counter 4.28571
00:07:00:000 arrived_c4counter 8.85714
00:07:00:000 solved_c4counter 8.85714
00:07:00:000 arrived_c8counter 9.14286
00:07:00:000 solved_c8counter 9.14286
00:07:00:000 arrived_c9counter 67.8571
00:07:00:000 solved_c9counter 67.7143
00:07:00:000 arrived_c15counter 3.28571
00:07:00:000 solved_c15counter 3.28571
00:08:00:000 arrived_bigcounter 95.625
00:08:00:000 solved_bigcounter 79.625
00:08:00:000 qty_cons_sunnyside_a 20.125
00:08:00:000 qty_cons_acum_sunnyside_a 161
00:08:00:000 qty_cons_colonel_b 9.25
00:08:00:000 qty_cons_acum_colonel_b 74
00:08:00:000 qty_cons_colonel_a1 4
00:08:00:000 qty_cons_acum_colonel_a1 32
00:08:00:000 qty_cons_bronson_a1 5.25
00:08:00:000 qty_cons_acum_bronson_a1 42
00:08:00:000 qty_cons_bronson_b 41
00:08:00:000 qty_cons_acum_bronson_b 328
00:08:00:000 arrived_c1counter 31.5
00:08:00:000 solved_c1counter 31.375
00:08:00:000 arrived_c2counter 19
00:08:00:000 solved_c2counter 19
00:08:00:000 arrived_c6counter 14.375
00:08:00:000 solved_c6counter 14.25
00:08:00:000 arrived_c7counter 10
00:08:00:000 solved_c7counter 10
00:08:00:000 arrived_c12counter 8.75
00:08:00:000 solved_c12counter 8.75
00:08:00:000 arrived_c10counter 7.125
00:08:00:000 solved_c10counter 7.125
00:08:00:000 arrived_c3counter 11.5
00:08:00:000 solved_c3counter 11.5
00:08:00:000 arrived_c11counter 5.75
00:08:00:000 solved_c11counter 5.75
00:08:00:000 arrived_c5counter 12.25
00:08:00:000 solved_c5counter 12.125
00:08:00:000 arrived_c13counter 6.125
00:08:00:000 solved_c13counter 6.125
00:08:00:000 arrived_c16counter 1.5
00:08:00:000 solved_c16counter 1.5
00:08:00:000 arrived_c14counter 4
00:08:00:000 solved_c14counter 4
00:08:00:000 arrived_c4counter 8.75
00:08:00:000 solved_c4counter 8.75
00:08:00:000 arrived_c8counter 9.5
00:08:00:000 solved_c8counter 9.5
00:08:00:000 arrived_c9counter 68
00:08:00:000 solved_c9counter 68
00:08:00:000 arrived_c15counter 3.25
00:08:00:000 solved_c15counter 3.25
00:09:00:000 arrived_bigcounter 95
00:09:00:000 solved_bigcounter 79.5556
00:09:00:000 qty_cons_sunnyside_a 20
00:09:00:000 qty_cons_acum_sunnyside_a 180
00:09:00:000 qty_cons_colonel_b 9.44444
00:09:00:000 qty_cons_acum_colonel_b 85
00:09:00:000 qty_cons_colonel_a1 3.88889
00:09:00:000 qty_cons_acum_colonel_a1 35
00:09:00:000 qty_cons_bronson_a1 5.22222
00:09:00:000 qty_cons_acum_bronson_a1 47
00:09:00:000 qty_cons_bronson_b 41
00:09:00:000 qty_cons_acum_bronson_b 369
00:09:00:000 arrived_c1counter 31.5556
00:09:00:000 solved_c1counter 31.4444
00:09:00:000 arrived_c2counter 18.5556
00:09:00:000 solved_c2counter 18.5556
00:09:00:000 arrived_c6counter 14.3333
00:09:00:000 solved_c6counter 14.3333
00:09:00:000 arrived_c7counter 9.88889
00:09:00:000 solved_c7counter 9.88889
00:09:00:000 arrived_c12counter 8.77778
00:09:00:000 solved_c12counter 8.77778
00:09:00:000 arrived_c10counter 7.77778
00:09:00:000 solved_c10counter 7.77778
00:09:00:000 arrived_c3counter 10.8889
00:09:00:000 solved_c3counter 10.8889
00:09:00:000 arrived_c11counter 6.44444
00:09:00:000 solved_c11counter 6.44444
00:09:00:000 arrived_c5counter 11.6667
00:09:00:000 solved_c5counter 11.6667
00:09:00:000 arrived_c13counter 6
00:09:00:000 solved_c13counter 6
00:09:00:000 arrived_c16counter 1.33333
00:09:00:000 solved_c16counter 1.33333
00:09:00:000 arrived_c14counter 3.88889
00:09:00:000 solved_c14counter 3.88889
00:09:00:000 arrived_c4counter 9
00:09:00:000 solved_c4counter 9
00:09:00:000 arrived_c8counter 9.66667
00:09:00:000 solved_c8counter 9.66667
00:09:00:000 arrived_c9counter 67.4444
00:09:00:000 solved_c9counter 67.4444
00:09:00:000 arrived_c15counter 3.11111
00:09:00:000 solved_c15counter 3.11111
00:10:00:000 arrived_bigcounter 94.5
00:10:00:000 solved_bigcounter 79
00:10:00:000 qty_cons_sunnyside_a 20
00:10:00:000 qty_cons_acum_sunnyside_a 200
00:10:00:000 qty_cons_colonel_b 9.4
00:10:00:000 qty_cons_acum_colonel_b 94
00:10:00:000 qty_cons_colonel_a1 3.9
00:10:00:000 qty_cons_acum_colonel_a1 39
00:10:00:000 qty_cons_bronson_a1 5.1
00:10:00:000 qty_cons_acum_bronson_a1 51
00:10:00:000 qty_cons_bronson_b 40.6
00:10:00:000 qty_cons_acum_bronson_b 406
00:10:00:000 arrived_c1counter 31.4
00:10:00:000 solved_c1counter 31.3
00:10:00:000 arrived_c2counter 18.3
00:10:00:000 solved_c2counter 18.3
00:10:00:000 arrived_c6counter 14.4
00:10:00:000 solved_c6counter 14.4
00:10:00:000 arrived_c7counter 9.8
00:10:00:000 solved_c7counter 9.8
00:10:00:000 arrived_c12counter 8.1
00:10:00:000 solved_c12counter 8.1
00:10:00:000 arrived_c10counter 7.6
00:10:00:000 solved_c10counter 7.6
00:10:00:000 arrived_c3counter 11.8
00:10:00:000 solved_c3counter 11.7
00:10:00:000 arrived_c11counter 6
00:10:00:000 solved_c11counter 6
00:10:00:000 arrived_c5counter 11.5
00:10:00:000 solved_c5counter 11.5
00:10:00:000 arrived_c13counter 5.9
00:10:00:000 solved_c13counter 5.9
00:10:00:000 arrived_c16counter 1.2
00:10:00:000 solved_c16counter 1.2
00:10:00:000 arrived_c14counter 4.9
00:10:00:000 solved_c14counter 4.9
00:10:00:000 arrived_c4counter 8.7
00:10:00:000 solved_c4counter 8.7
00:10:00:000 arrived_c8counter 9.6
00:10:00:000 solved_c8counter 9.6
00:10:00:000 arrived_c9counter 67.2
00:10:00:000 solved_c9counter 67.2
00:10:00:000 arrived_c15counter 3.1
00:10:00:000 solved_c15counter 3.1
